{
  "children": [{
    "children": [{
      "children": [
        {
          "children": [
            {
              "children": [
                {
                  "children": [
                    {
                      "children": [
                        {
                          "children": [
                            {
                              "children": [],
                              "methodName": ["main.MergeSort.inPlaceSort"],
                              "stateAfter": [{
                                "name": "numbs",
                                "value": "[78,25,6,33,12,24,27,2,16,44,68,16,6,92,30,24,98,84,72,61,14,73,30,63,7,58,29,18,20,15,84,23,65,88,8,35,81,72,33,90,3,2,7,63,86,37,67,24,63,97]"
                              }],
                              "startState": [false],
                              "stateBefore": [{
                                "name": "numbs",
                                "value": "[78,25,6,33,12,24,27,2,16,44,68,16,6,92,30,24,98,84,72,61,14,73,30,63,7,58,29,18,20,15,84,23,65,88,8,35,81,72,33,90,3,2,7,63,86,37,67,24,63,97]"
                              }]
                            },
                            {
                              "children": [],
                              "methodName": ["main.MergeSort.inPlaceSort"],
                              "stateAfter": [{
                                "name": "numbs",
                                "value": "[78,25,6,33,12,24,27,2,16,44,68,16,6,92,30,24,98,84,72,61,14,73,30,63,7,58,29,18,20,15,84,23,65,88,8,35,81,72,33,90,3,2,7,63,86,37,67,24,63,97]"
                              }],
                              "startState": [false],
                              "stateBefore": [{
                                "name": "numbs",
                                "value": "[78,25,6,33,12,24,27,2,16,44,68,16,6,92,30,24,98,84,72,61,14,73,30,63,7,58,29,18,20,15,84,23,65,88,8,35,81,72,33,90,3,2,7,63,86,37,67,24,63,97]"
                              }]
                            }
                          ],
                          "methodName": ["main.MergeSort.inPlaceSort"],
                          "stateAfter": [{
                            "name": "numbs",
                            "value": "[25,78,6,33,12,24,27,2,16,44,68,16,6,92,30,24,98,84,72,61,14,73,30,63,7,58,29,18,20,15,84,23,65,88,8,35,81,72,33,90,3,2,7,63,86,37,67,24,63,97]"
                          }],
                          "startState": [false],
                          "stateBefore": [{
                            "name": "numbs",
                            "value": "[78,25,6,33,12,24,27,2,16,44,68,16,6,92,30,24,98,84,72,61,14,73,30,63,7,58,29,18,20,15,84,23,65,88,8,35,81,72,33,90,3,2,7,63,86,37,67,24,63,97]"
                          }]
                        },
                        {
                          "children": [
                            {
                              "children": [],
                              "methodName": ["main.MergeSort.inPlaceSort"],
                              "stateAfter": [{
                                "name": "numbs",
                                "value": "[25,78,6,33,12,24,27,2,16,44,68,16,6,92,30,24,98,84,72,61,14,73,30,63,7,58,29,18,20,15,84,23,65,88,8,35,81,72,33,90,3,2,7,63,86,37,67,24,63,97]"
                              }],
                              "startState": [false],
                              "stateBefore": [{
                                "name": "numbs",
                                "value": "[25,78,6,33,12,24,27,2,16,44,68,16,6,92,30,24,98,84,72,61,14,73,30,63,7,58,29,18,20,15,84,23,65,88,8,35,81,72,33,90,3,2,7,63,86,37,67,24,63,97]"
                              }]
                            },
                            {
                              "children": [],
                              "methodName": ["main.MergeSort.inPlaceSort"],
                              "stateAfter": [{
                                "name": "numbs",
                                "value": "[25,78,6,33,12,24,27,2,16,44,68,16,6,92,30,24,98,84,72,61,14,73,30,63,7,58,29,18,20,15,84,23,65,88,8,35,81,72,33,90,3,2,7,63,86,37,67,24,63,97]"
                              }],
                              "startState": [false],
                              "stateBefore": [{
                                "name": "numbs",
                                "value": "[25,78,6,33,12,24,27,2,16,44,68,16,6,92,30,24,98,84,72,61,14,73,30,63,7,58,29,18,20,15,84,23,65,88,8,35,81,72,33,90,3,2,7,63,86,37,67,24,63,97]"
                              }]
                            }
                          ],
                          "methodName": ["main.MergeSort.inPlaceSort"],
                          "stateAfter": [{
                            "name": "numbs",
                            "value": "[25,78,6,33,12,24,27,2,16,44,68,16,6,92,30,24,98,84,72,61,14,73,30,63,7,58,29,18,20,15,84,23,65,88,8,35,81,72,33,90,3,2,7,63,86,37,67,24,63,97]"
                          }],
                          "startState": [false],
                          "stateBefore": [{
                            "name": "numbs",
                            "value": "[25,78,6,33,12,24,27,2,16,44,68,16,6,92,30,24,98,84,72,61,14,73,30,63,7,58,29,18,20,15,84,23,65,88,8,35,81,72,33,90,3,2,7,63,86,37,67,24,63,97]"
                          }]
                        }
                      ],
                      "methodName": ["main.MergeSort.inPlaceSort"],
                      "stateAfter": [{
                        "name": "numbs",
                        "value": "[6,25,33,78,12,24,27,2,16,44,68,16,6,92,30,24,98,84,72,61,14,73,30,63,7,58,29,18,20,15,84,23,65,88,8,35,81,72,33,90,3,2,7,63,86,37,67,24,63,97]"
                      }],
                      "startState": [false],
                      "stateBefore": [{
                        "name": "numbs",
                        "value": "[78,25,6,33,12,24,27,2,16,44,68,16,6,92,30,24,98,84,72,61,14,73,30,63,7,58,29,18,20,15,84,23,65,88,8,35,81,72,33,90,3,2,7,63,86,37,67,24,63,97]"
                      }]
                    },
                    {
                      "children": [
                        {
                          "children": [
                            {
                              "children": [],
                              "methodName": ["main.MergeSort.inPlaceSort"],
                              "stateAfter": [{
                                "name": "numbs",
                                "value": "[6,25,33,78,12,24,27,2,16,44,68,16,6,92,30,24,98,84,72,61,14,73,30,63,7,58,29,18,20,15,84,23,65,88,8,35,81,72,33,90,3,2,7,63,86,37,67,24,63,97]"
                              }],
                              "startState": [false],
                              "stateBefore": [{
                                "name": "numbs",
                                "value": "[6,25,33,78,12,24,27,2,16,44,68,16,6,92,30,24,98,84,72,61,14,73,30,63,7,58,29,18,20,15,84,23,65,88,8,35,81,72,33,90,3,2,7,63,86,37,67,24,63,97]"
                              }]
                            },
                            {
                              "children": [],
                              "methodName": ["main.MergeSort.inPlaceSort"],
                              "stateAfter": [{
                                "name": "numbs",
                                "value": "[6,25,33,78,12,24,27,2,16,44,68,16,6,92,30,24,98,84,72,61,14,73,30,63,7,58,29,18,20,15,84,23,65,88,8,35,81,72,33,90,3,2,7,63,86,37,67,24,63,97]"
                              }],
                              "startState": [false],
                              "stateBefore": [{
                                "name": "numbs",
                                "value": "[6,25,33,78,12,24,27,2,16,44,68,16,6,92,30,24,98,84,72,61,14,73,30,63,7,58,29,18,20,15,84,23,65,88,8,35,81,72,33,90,3,2,7,63,86,37,67,24,63,97]"
                              }]
                            }
                          ],
                          "methodName": ["main.MergeSort.inPlaceSort"],
                          "stateAfter": [{
                            "name": "numbs",
                            "value": "[6,25,33,78,12,24,27,2,16,44,68,16,6,92,30,24,98,84,72,61,14,73,30,63,7,58,29,18,20,15,84,23,65,88,8,35,81,72,33,90,3,2,7,63,86,37,67,24,63,97]"
                          }],
                          "startState": [false],
                          "stateBefore": [{
                            "name": "numbs",
                            "value": "[6,25,33,78,12,24,27,2,16,44,68,16,6,92,30,24,98,84,72,61,14,73,30,63,7,58,29,18,20,15,84,23,65,88,8,35,81,72,33,90,3,2,7,63,86,37,67,24,63,97]"
                          }]
                        },
                        {
                          "children": [],
                          "methodName": ["main.MergeSort.inPlaceSort"],
                          "stateAfter": [{
                            "name": "numbs",
                            "value": "[6,25,33,78,12,24,27,2,16,44,68,16,6,92,30,24,98,84,72,61,14,73,30,63,7,58,29,18,20,15,84,23,65,88,8,35,81,72,33,90,3,2,7,63,86,37,67,24,63,97]"
                          }],
                          "startState": [false],
                          "stateBefore": [{
                            "name": "numbs",
                            "value": "[6,25,33,78,12,24,27,2,16,44,68,16,6,92,30,24,98,84,72,61,14,73,30,63,7,58,29,18,20,15,84,23,65,88,8,35,81,72,33,90,3,2,7,63,86,37,67,24,63,97]"
                          }]
                        }
                      ],
                      "methodName": ["main.MergeSort.inPlaceSort"],
                      "stateAfter": [{
                        "name": "numbs",
                        "value": "[6,25,33,78,12,24,27,2,16,44,68,16,6,92,30,24,98,84,72,61,14,73,30,63,7,58,29,18,20,15,84,23,65,88,8,35,81,72,33,90,3,2,7,63,86,37,67,24,63,97]"
                      }],
                      "startState": [false],
                      "stateBefore": [{
                        "name": "numbs",
                        "value": "[6,25,33,78,12,24,27,2,16,44,68,16,6,92,30,24,98,84,72,61,14,73,30,63,7,58,29,18,20,15,84,23,65,88,8,35,81,72,33,90,3,2,7,63,86,37,67,24,63,97]"
                      }]
                    }
                  ],
                  "methodName": ["main.MergeSort.inPlaceSort"],
                  "stateAfter": [{
                    "name": "numbs",
                    "value": "[6,12,24,25,27,33,78,2,16,44,68,16,6,92,30,24,98,84,72,61,14,73,30,63,7,58,29,18,20,15,84,23,65,88,8,35,81,72,33,90,3,2,7,63,86,37,67,24,63,97]"
                  }],
                  "startState": [false],
                  "stateBefore": [{
                    "name": "numbs",
                    "value": "[78,25,6,33,12,24,27,2,16,44,68,16,6,92,30,24,98,84,72,61,14,73,30,63,7,58,29,18,20,15,84,23,65,88,8,35,81,72,33,90,3,2,7,63,86,37,67,24,63,97]"
                  }]
                },
                {
                  "children": [
                    {
                      "children": [
                        {
                          "children": [
                            {
                              "children": [],
                              "methodName": ["main.MergeSort.inPlaceSort"],
                              "stateAfter": [{
                                "name": "numbs",
                                "value": "[6,12,24,25,27,33,78,2,16,44,68,16,6,92,30,24,98,84,72,61,14,73,30,63,7,58,29,18,20,15,84,23,65,88,8,35,81,72,33,90,3,2,7,63,86,37,67,24,63,97]"
                              }],
                              "startState": [false],
                              "stateBefore": [{
                                "name": "numbs",
                                "value": "[6,12,24,25,27,33,78,2,16,44,68,16,6,92,30,24,98,84,72,61,14,73,30,63,7,58,29,18,20,15,84,23,65,88,8,35,81,72,33,90,3,2,7,63,86,37,67,24,63,97]"
                              }]
                            },
                            {
                              "children": [],
                              "methodName": ["main.MergeSort.inPlaceSort"],
                              "stateAfter": [{
                                "name": "numbs",
                                "value": "[6,12,24,25,27,33,78,2,16,44,68,16,6,92,30,24,98,84,72,61,14,73,30,63,7,58,29,18,20,15,84,23,65,88,8,35,81,72,33,90,3,2,7,63,86,37,67,24,63,97]"
                              }],
                              "startState": [false],
                              "stateBefore": [{
                                "name": "numbs",
                                "value": "[6,12,24,25,27,33,78,2,16,44,68,16,6,92,30,24,98,84,72,61,14,73,30,63,7,58,29,18,20,15,84,23,65,88,8,35,81,72,33,90,3,2,7,63,86,37,67,24,63,97]"
                              }]
                            }
                          ],
                          "methodName": ["main.MergeSort.inPlaceSort"],
                          "stateAfter": [{
                            "name": "numbs",
                            "value": "[6,12,24,25,27,33,78,2,16,44,68,16,6,92,30,24,98,84,72,61,14,73,30,63,7,58,29,18,20,15,84,23,65,88,8,35,81,72,33,90,3,2,7,63,86,37,67,24,63,97]"
                          }],
                          "startState": [false],
                          "stateBefore": [{
                            "name": "numbs",
                            "value": "[6,12,24,25,27,33,78,2,16,44,68,16,6,92,30,24,98,84,72,61,14,73,30,63,7,58,29,18,20,15,84,23,65,88,8,35,81,72,33,90,3,2,7,63,86,37,67,24,63,97]"
                          }]
                        },
                        {
                          "children": [],
                          "methodName": ["main.MergeSort.inPlaceSort"],
                          "stateAfter": [{
                            "name": "numbs",
                            "value": "[6,12,24,25,27,33,78,2,16,44,68,16,6,92,30,24,98,84,72,61,14,73,30,63,7,58,29,18,20,15,84,23,65,88,8,35,81,72,33,90,3,2,7,63,86,37,67,24,63,97]"
                          }],
                          "startState": [false],
                          "stateBefore": [{
                            "name": "numbs",
                            "value": "[6,12,24,25,27,33,78,2,16,44,68,16,6,92,30,24,98,84,72,61,14,73,30,63,7,58,29,18,20,15,84,23,65,88,8,35,81,72,33,90,3,2,7,63,86,37,67,24,63,97]"
                          }]
                        }
                      ],
                      "methodName": ["main.MergeSort.inPlaceSort"],
                      "stateAfter": [{
                        "name": "numbs",
                        "value": "[6,12,24,25,27,33,78,2,16,44,68,16,6,92,30,24,98,84,72,61,14,73,30,63,7,58,29,18,20,15,84,23,65,88,8,35,81,72,33,90,3,2,7,63,86,37,67,24,63,97]"
                      }],
                      "startState": [false],
                      "stateBefore": [{
                        "name": "numbs",
                        "value": "[6,12,24,25,27,33,78,2,16,44,68,16,6,92,30,24,98,84,72,61,14,73,30,63,7,58,29,18,20,15,84,23,65,88,8,35,81,72,33,90,3,2,7,63,86,37,67,24,63,97]"
                      }]
                    },
                    {
                      "children": [
                        {
                          "children": [
                            {
                              "children": [],
                              "methodName": ["main.MergeSort.inPlaceSort"],
                              "stateAfter": [{
                                "name": "numbs",
                                "value": "[6,12,24,25,27,33,78,2,16,44,68,16,6,92,30,24,98,84,72,61,14,73,30,63,7,58,29,18,20,15,84,23,65,88,8,35,81,72,33,90,3,2,7,63,86,37,67,24,63,97]"
                              }],
                              "startState": [false],
                              "stateBefore": [{
                                "name": "numbs",
                                "value": "[6,12,24,25,27,33,78,2,16,44,68,16,6,92,30,24,98,84,72,61,14,73,30,63,7,58,29,18,20,15,84,23,65,88,8,35,81,72,33,90,3,2,7,63,86,37,67,24,63,97]"
                              }]
                            },
                            {
                              "children": [],
                              "methodName": ["main.MergeSort.inPlaceSort"],
                              "stateAfter": [{
                                "name": "numbs",
                                "value": "[6,12,24,25,27,33,78,2,16,44,68,16,6,92,30,24,98,84,72,61,14,73,30,63,7,58,29,18,20,15,84,23,65,88,8,35,81,72,33,90,3,2,7,63,86,37,67,24,63,97]"
                              }],
                              "startState": [false],
                              "stateBefore": [{
                                "name": "numbs",
                                "value": "[6,12,24,25,27,33,78,2,16,44,68,16,6,92,30,24,98,84,72,61,14,73,30,63,7,58,29,18,20,15,84,23,65,88,8,35,81,72,33,90,3,2,7,63,86,37,67,24,63,97]"
                              }]
                            }
                          ],
                          "methodName": ["main.MergeSort.inPlaceSort"],
                          "stateAfter": [{
                            "name": "numbs",
                            "value": "[6,12,24,25,27,33,78,2,16,44,16,68,6,92,30,24,98,84,72,61,14,73,30,63,7,58,29,18,20,15,84,23,65,88,8,35,81,72,33,90,3,2,7,63,86,37,67,24,63,97]"
                          }],
                          "startState": [false],
                          "stateBefore": [{
                            "name": "numbs",
                            "value": "[6,12,24,25,27,33,78,2,16,44,68,16,6,92,30,24,98,84,72,61,14,73,30,63,7,58,29,18,20,15,84,23,65,88,8,35,81,72,33,90,3,2,7,63,86,37,67,24,63,97]"
                          }]
                        },
                        {
                          "children": [],
                          "methodName": ["main.MergeSort.inPlaceSort"],
                          "stateAfter": [{
                            "name": "numbs",
                            "value": "[6,12,24,25,27,33,78,2,16,44,16,68,6,92,30,24,98,84,72,61,14,73,30,63,7,58,29,18,20,15,84,23,65,88,8,35,81,72,33,90,3,2,7,63,86,37,67,24,63,97]"
                          }],
                          "startState": [false],
                          "stateBefore": [{
                            "name": "numbs",
                            "value": "[6,12,24,25,27,33,78,2,16,44,16,68,6,92,30,24,98,84,72,61,14,73,30,63,7,58,29,18,20,15,84,23,65,88,8,35,81,72,33,90,3,2,7,63,86,37,67,24,63,97]"
                          }]
                        }
                      ],
                      "methodName": ["main.MergeSort.inPlaceSort"],
                      "stateAfter": [{
                        "name": "numbs",
                        "value": "[6,12,24,25,27,33,78,2,16,44,6,16,68,92,30,24,98,84,72,61,14,73,30,63,7,58,29,18,20,15,84,23,65,88,8,35,81,72,33,90,3,2,7,63,86,37,67,24,63,97]"
                      }],
                      "startState": [false],
                      "stateBefore": [{
                        "name": "numbs",
                        "value": "[6,12,24,25,27,33,78,2,16,44,68,16,6,92,30,24,98,84,72,61,14,73,30,63,7,58,29,18,20,15,84,23,65,88,8,35,81,72,33,90,3,2,7,63,86,37,67,24,63,97]"
                      }]
                    }
                  ],
                  "methodName": ["main.MergeSort.inPlaceSort"],
                  "stateAfter": [{
                    "name": "numbs",
                    "value": "[6,12,24,25,27,33,78,2,6,16,16,44,68,92,30,24,98,84,72,61,14,73,30,63,7,58,29,18,20,15,84,23,65,88,8,35,81,72,33,90,3,2,7,63,86,37,67,24,63,97]"
                  }],
                  "startState": [false],
                  "stateBefore": [{
                    "name": "numbs",
                    "value": "[6,12,24,25,27,33,78,2,16,44,68,16,6,92,30,24,98,84,72,61,14,73,30,63,7,58,29,18,20,15,84,23,65,88,8,35,81,72,33,90,3,2,7,63,86,37,67,24,63,97]"
                  }]
                }
              ],
              "methodName": ["main.MergeSort.inPlaceSort"],
              "stateAfter": [{
                "name": "numbs",
                "value": "[2,6,6,12,16,16,24,25,27,33,44,68,78,92,30,24,98,84,72,61,14,73,30,63,7,58,29,18,20,15,84,23,65,88,8,35,81,72,33,90,3,2,7,63,86,37,67,24,63,97]"
              }],
              "startState": [false],
              "stateBefore": [{
                "name": "numbs",
                "value": "[78,25,6,33,12,24,27,2,16,44,68,16,6,92,30,24,98,84,72,61,14,73,30,63,7,58,29,18,20,15,84,23,65,88,8,35,81,72,33,90,3,2,7,63,86,37,67,24,63,97]"
              }]
            },
            {
              "children": [
                {
                  "children": [
                    {
                      "children": [
                        {
                          "children": [
                            {
                              "children": [],
                              "methodName": ["main.MergeSort.inPlaceSort"],
                              "stateAfter": [{
                                "name": "numbs",
                                "value": "[2,6,6,12,16,16,24,25,27,33,44,68,78,92,30,24,98,84,72,61,14,73,30,63,7,58,29,18,20,15,84,23,65,88,8,35,81,72,33,90,3,2,7,63,86,37,67,24,63,97]"
                              }],
                              "startState": [false],
                              "stateBefore": [{
                                "name": "numbs",
                                "value": "[2,6,6,12,16,16,24,25,27,33,44,68,78,92,30,24,98,84,72,61,14,73,30,63,7,58,29,18,20,15,84,23,65,88,8,35,81,72,33,90,3,2,7,63,86,37,67,24,63,97]"
                              }]
                            },
                            {
                              "children": [],
                              "methodName": ["main.MergeSort.inPlaceSort"],
                              "stateAfter": [{
                                "name": "numbs",
                                "value": "[2,6,6,12,16,16,24,25,27,33,44,68,78,92,30,24,98,84,72,61,14,73,30,63,7,58,29,18,20,15,84,23,65,88,8,35,81,72,33,90,3,2,7,63,86,37,67,24,63,97]"
                              }],
                              "startState": [false],
                              "stateBefore": [{
                                "name": "numbs",
                                "value": "[2,6,6,12,16,16,24,25,27,33,44,68,78,92,30,24,98,84,72,61,14,73,30,63,7,58,29,18,20,15,84,23,65,88,8,35,81,72,33,90,3,2,7,63,86,37,67,24,63,97]"
                              }]
                            }
                          ],
                          "methodName": ["main.MergeSort.inPlaceSort"],
                          "stateAfter": [{
                            "name": "numbs",
                            "value": "[2,6,6,12,16,16,24,25,27,33,44,68,78,30,92,24,98,84,72,61,14,73,30,63,7,58,29,18,20,15,84,23,65,88,8,35,81,72,33,90,3,2,7,63,86,37,67,24,63,97]"
                          }],
                          "startState": [false],
                          "stateBefore": [{
                            "name": "numbs",
                            "value": "[2,6,6,12,16,16,24,25,27,33,44,68,78,92,30,24,98,84,72,61,14,73,30,63,7,58,29,18,20,15,84,23,65,88,8,35,81,72,33,90,3,2,7,63,86,37,67,24,63,97]"
                          }]
                        },
                        {
                          "children": [],
                          "methodName": ["main.MergeSort.inPlaceSort"],
                          "stateAfter": [{
                            "name": "numbs",
                            "value": "[2,6,6,12,16,16,24,25,27,33,44,68,78,30,92,24,98,84,72,61,14,73,30,63,7,58,29,18,20,15,84,23,65,88,8,35,81,72,33,90,3,2,7,63,86,37,67,24,63,97]"
                          }],
                          "startState": [false],
                          "stateBefore": [{
                            "name": "numbs",
                            "value": "[2,6,6,12,16,16,24,25,27,33,44,68,78,30,92,24,98,84,72,61,14,73,30,63,7,58,29,18,20,15,84,23,65,88,8,35,81,72,33,90,3,2,7,63,86,37,67,24,63,97]"
                          }]
                        }
                      ],
                      "methodName": ["main.MergeSort.inPlaceSort"],
                      "stateAfter": [{
                        "name": "numbs",
                        "value": "[2,6,6,12,16,16,24,25,27,33,44,68,78,24,30,92,98,84,72,61,14,73,30,63,7,58,29,18,20,15,84,23,65,88,8,35,81,72,33,90,3,2,7,63,86,37,67,24,63,97]"
                      }],
                      "startState": [false],
                      "stateBefore": [{
                        "name": "numbs",
                        "value": "[2,6,6,12,16,16,24,25,27,33,44,68,78,92,30,24,98,84,72,61,14,73,30,63,7,58,29,18,20,15,84,23,65,88,8,35,81,72,33,90,3,2,7,63,86,37,67,24,63,97]"
                      }]
                    },
                    {
                      "children": [
                        {
                          "children": [
                            {
                              "children": [],
                              "methodName": ["main.MergeSort.inPlaceSort"],
                              "stateAfter": [{
                                "name": "numbs",
                                "value": "[2,6,6,12,16,16,24,25,27,33,44,68,78,24,30,92,98,84,72,61,14,73,30,63,7,58,29,18,20,15,84,23,65,88,8,35,81,72,33,90,3,2,7,63,86,37,67,24,63,97]"
                              }],
                              "startState": [false],
                              "stateBefore": [{
                                "name": "numbs",
                                "value": "[2,6,6,12,16,16,24,25,27,33,44,68,78,24,30,92,98,84,72,61,14,73,30,63,7,58,29,18,20,15,84,23,65,88,8,35,81,72,33,90,3,2,7,63,86,37,67,24,63,97]"
                              }]
                            },
                            {
                              "children": [],
                              "methodName": ["main.MergeSort.inPlaceSort"],
                              "stateAfter": [{
                                "name": "numbs",
                                "value": "[2,6,6,12,16,16,24,25,27,33,44,68,78,24,30,92,98,84,72,61,14,73,30,63,7,58,29,18,20,15,84,23,65,88,8,35,81,72,33,90,3,2,7,63,86,37,67,24,63,97]"
                              }],
                              "startState": [false],
                              "stateBefore": [{
                                "name": "numbs",
                                "value": "[2,6,6,12,16,16,24,25,27,33,44,68,78,24,30,92,98,84,72,61,14,73,30,63,7,58,29,18,20,15,84,23,65,88,8,35,81,72,33,90,3,2,7,63,86,37,67,24,63,97]"
                              }]
                            }
                          ],
                          "methodName": ["main.MergeSort.inPlaceSort"],
                          "stateAfter": [{
                            "name": "numbs",
                            "value": "[2,6,6,12,16,16,24,25,27,33,44,68,78,24,30,92,84,98,72,61,14,73,30,63,7,58,29,18,20,15,84,23,65,88,8,35,81,72,33,90,3,2,7,63,86,37,67,24,63,97]"
                          }],
                          "startState": [false],
                          "stateBefore": [{
                            "name": "numbs",
                            "value": "[2,6,6,12,16,16,24,25,27,33,44,68,78,24,30,92,98,84,72,61,14,73,30,63,7,58,29,18,20,15,84,23,65,88,8,35,81,72,33,90,3,2,7,63,86,37,67,24,63,97]"
                          }]
                        },
                        {
                          "children": [],
                          "methodName": ["main.MergeSort.inPlaceSort"],
                          "stateAfter": [{
                            "name": "numbs",
                            "value": "[2,6,6,12,16,16,24,25,27,33,44,68,78,24,30,92,84,98,72,61,14,73,30,63,7,58,29,18,20,15,84,23,65,88,8,35,81,72,33,90,3,2,7,63,86,37,67,24,63,97]"
                          }],
                          "startState": [false],
                          "stateBefore": [{
                            "name": "numbs",
                            "value": "[2,6,6,12,16,16,24,25,27,33,44,68,78,24,30,92,84,98,72,61,14,73,30,63,7,58,29,18,20,15,84,23,65,88,8,35,81,72,33,90,3,2,7,63,86,37,67,24,63,97]"
                          }]
                        }
                      ],
                      "methodName": ["main.MergeSort.inPlaceSort"],
                      "stateAfter": [{
                        "name": "numbs",
                        "value": "[2,6,6,12,16,16,24,25,27,33,44,68,78,24,30,92,72,84,98,61,14,73,30,63,7,58,29,18,20,15,84,23,65,88,8,35,81,72,33,90,3,2,7,63,86,37,67,24,63,97]"
                      }],
                      "startState": [false],
                      "stateBefore": [{
                        "name": "numbs",
                        "value": "[2,6,6,12,16,16,24,25,27,33,44,68,78,24,30,92,98,84,72,61,14,73,30,63,7,58,29,18,20,15,84,23,65,88,8,35,81,72,33,90,3,2,7,63,86,37,67,24,63,97]"
                      }]
                    }
                  ],
                  "methodName": ["main.MergeSort.inPlaceSort"],
                  "stateAfter": [{
                    "name": "numbs",
                    "value": "[2,6,6,12,16,16,24,25,27,33,44,68,78,24,30,72,84,92,98,61,14,73,30,63,7,58,29,18,20,15,84,23,65,88,8,35,81,72,33,90,3,2,7,63,86,37,67,24,63,97]"
                  }],
                  "startState": [false],
                  "stateBefore": [{
                    "name": "numbs",
                    "value": "[2,6,6,12,16,16,24,25,27,33,44,68,78,92,30,24,98,84,72,61,14,73,30,63,7,58,29,18,20,15,84,23,65,88,8,35,81,72,33,90,3,2,7,63,86,37,67,24,63,97]"
                  }]
                },
                {
                  "children": [
                    {
                      "children": [
                        {
                          "children": [
                            {
                              "children": [],
                              "methodName": ["main.MergeSort.inPlaceSort"],
                              "stateAfter": [{
                                "name": "numbs",
                                "value": "[2,6,6,12,16,16,24,25,27,33,44,68,78,24,30,72,84,92,98,61,14,73,30,63,7,58,29,18,20,15,84,23,65,88,8,35,81,72,33,90,3,2,7,63,86,37,67,24,63,97]"
                              }],
                              "startState": [false],
                              "stateBefore": [{
                                "name": "numbs",
                                "value": "[2,6,6,12,16,16,24,25,27,33,44,68,78,24,30,72,84,92,98,61,14,73,30,63,7,58,29,18,20,15,84,23,65,88,8,35,81,72,33,90,3,2,7,63,86,37,67,24,63,97]"
                              }]
                            },
                            {
                              "children": [],
                              "methodName": ["main.MergeSort.inPlaceSort"],
                              "stateAfter": [{
                                "name": "numbs",
                                "value": "[2,6,6,12,16,16,24,25,27,33,44,68,78,24,30,72,84,92,98,61,14,73,30,63,7,58,29,18,20,15,84,23,65,88,8,35,81,72,33,90,3,2,7,63,86,37,67,24,63,97]"
                              }],
                              "startState": [false],
                              "stateBefore": [{
                                "name": "numbs",
                                "value": "[2,6,6,12,16,16,24,25,27,33,44,68,78,24,30,72,84,92,98,61,14,73,30,63,7,58,29,18,20,15,84,23,65,88,8,35,81,72,33,90,3,2,7,63,86,37,67,24,63,97]"
                              }]
                            }
                          ],
                          "methodName": ["main.MergeSort.inPlaceSort"],
                          "stateAfter": [{
                            "name": "numbs",
                            "value": "[2,6,6,12,16,16,24,25,27,33,44,68,78,24,30,72,84,92,98,14,61,73,30,63,7,58,29,18,20,15,84,23,65,88,8,35,81,72,33,90,3,2,7,63,86,37,67,24,63,97]"
                          }],
                          "startState": [false],
                          "stateBefore": [{
                            "name": "numbs",
                            "value": "[2,6,6,12,16,16,24,25,27,33,44,68,78,24,30,72,84,92,98,61,14,73,30,63,7,58,29,18,20,15,84,23,65,88,8,35,81,72,33,90,3,2,7,63,86,37,67,24,63,97]"
                          }]
                        },
                        {
                          "children": [],
                          "methodName": ["main.MergeSort.inPlaceSort"],
                          "stateAfter": [{
                            "name": "numbs",
                            "value": "[2,6,6,12,16,16,24,25,27,33,44,68,78,24,30,72,84,92,98,14,61,73,30,63,7,58,29,18,20,15,84,23,65,88,8,35,81,72,33,90,3,2,7,63,86,37,67,24,63,97]"
                          }],
                          "startState": [false],
                          "stateBefore": [{
                            "name": "numbs",
                            "value": "[2,6,6,12,16,16,24,25,27,33,44,68,78,24,30,72,84,92,98,14,61,73,30,63,7,58,29,18,20,15,84,23,65,88,8,35,81,72,33,90,3,2,7,63,86,37,67,24,63,97]"
                          }]
                        }
                      ],
                      "methodName": ["main.MergeSort.inPlaceSort"],
                      "stateAfter": [{
                        "name": "numbs",
                        "value": "[2,6,6,12,16,16,24,25,27,33,44,68,78,24,30,72,84,92,98,14,61,73,30,63,7,58,29,18,20,15,84,23,65,88,8,35,81,72,33,90,3,2,7,63,86,37,67,24,63,97]"
                      }],
                      "startState": [false],
                      "stateBefore": [{
                        "name": "numbs",
                        "value": "[2,6,6,12,16,16,24,25,27,33,44,68,78,24,30,72,84,92,98,61,14,73,30,63,7,58,29,18,20,15,84,23,65,88,8,35,81,72,33,90,3,2,7,63,86,37,67,24,63,97]"
                      }]
                    },
                    {
                      "children": [
                        {
                          "children": [
                            {
                              "children": [],
                              "methodName": ["main.MergeSort.inPlaceSort"],
                              "stateAfter": [{
                                "name": "numbs",
                                "value": "[2,6,6,12,16,16,24,25,27,33,44,68,78,24,30,72,84,92,98,14,61,73,30,63,7,58,29,18,20,15,84,23,65,88,8,35,81,72,33,90,3,2,7,63,86,37,67,24,63,97]"
                              }],
                              "startState": [false],
                              "stateBefore": [{
                                "name": "numbs",
                                "value": "[2,6,6,12,16,16,24,25,27,33,44,68,78,24,30,72,84,92,98,14,61,73,30,63,7,58,29,18,20,15,84,23,65,88,8,35,81,72,33,90,3,2,7,63,86,37,67,24,63,97]"
                              }]
                            },
                            {
                              "children": [],
                              "methodName": ["main.MergeSort.inPlaceSort"],
                              "stateAfter": [{
                                "name": "numbs",
                                "value": "[2,6,6,12,16,16,24,25,27,33,44,68,78,24,30,72,84,92,98,14,61,73,30,63,7,58,29,18,20,15,84,23,65,88,8,35,81,72,33,90,3,2,7,63,86,37,67,24,63,97]"
                              }],
                              "startState": [false],
                              "stateBefore": [{
                                "name": "numbs",
                                "value": "[2,6,6,12,16,16,24,25,27,33,44,68,78,24,30,72,84,92,98,14,61,73,30,63,7,58,29,18,20,15,84,23,65,88,8,35,81,72,33,90,3,2,7,63,86,37,67,24,63,97]"
                              }]
                            }
                          ],
                          "methodName": ["main.MergeSort.inPlaceSort"],
                          "stateAfter": [{
                            "name": "numbs",
                            "value": "[2,6,6,12,16,16,24,25,27,33,44,68,78,24,30,72,84,92,98,14,61,73,30,63,7,58,29,18,20,15,84,23,65,88,8,35,81,72,33,90,3,2,7,63,86,37,67,24,63,97]"
                          }],
                          "startState": [false],
                          "stateBefore": [{
                            "name": "numbs",
                            "value": "[2,6,6,12,16,16,24,25,27,33,44,68,78,24,30,72,84,92,98,14,61,73,30,63,7,58,29,18,20,15,84,23,65,88,8,35,81,72,33,90,3,2,7,63,86,37,67,24,63,97]"
                          }]
                        },
                        {
                          "children": [],
                          "methodName": ["main.MergeSort.inPlaceSort"],
                          "stateAfter": [{
                            "name": "numbs",
                            "value": "[2,6,6,12,16,16,24,25,27,33,44,68,78,24,30,72,84,92,98,14,61,73,30,63,7,58,29,18,20,15,84,23,65,88,8,35,81,72,33,90,3,2,7,63,86,37,67,24,63,97]"
                          }],
                          "startState": [false],
                          "stateBefore": [{
                            "name": "numbs",
                            "value": "[2,6,6,12,16,16,24,25,27,33,44,68,78,24,30,72,84,92,98,14,61,73,30,63,7,58,29,18,20,15,84,23,65,88,8,35,81,72,33,90,3,2,7,63,86,37,67,24,63,97]"
                          }]
                        }
                      ],
                      "methodName": ["main.MergeSort.inPlaceSort"],
                      "stateAfter": [{
                        "name": "numbs",
                        "value": "[2,6,6,12,16,16,24,25,27,33,44,68,78,24,30,72,84,92,98,14,61,73,7,30,63,58,29,18,20,15,84,23,65,88,8,35,81,72,33,90,3,2,7,63,86,37,67,24,63,97]"
                      }],
                      "startState": [false],
                      "stateBefore": [{
                        "name": "numbs",
                        "value": "[2,6,6,12,16,16,24,25,27,33,44,68,78,24,30,72,84,92,98,14,61,73,30,63,7,58,29,18,20,15,84,23,65,88,8,35,81,72,33,90,3,2,7,63,86,37,67,24,63,97]"
                      }]
                    }
                  ],
                  "methodName": ["main.MergeSort.inPlaceSort"],
                  "stateAfter": [{
                    "name": "numbs",
                    "value": "[2,6,6,12,16,16,24,25,27,33,44,68,78,24,30,72,84,92,98,7,14,30,61,63,73,58,29,18,20,15,84,23,65,88,8,35,81,72,33,90,3,2,7,63,86,37,67,24,63,97]"
                  }],
                  "startState": [false],
                  "stateBefore": [{
                    "name": "numbs",
                    "value": "[2,6,6,12,16,16,24,25,27,33,44,68,78,24,30,72,84,92,98,61,14,73,30,63,7,58,29,18,20,15,84,23,65,88,8,35,81,72,33,90,3,2,7,63,86,37,67,24,63,97]"
                  }]
                }
              ],
              "methodName": ["main.MergeSort.inPlaceSort"],
              "stateAfter": [{
                "name": "numbs",
                "value": "[2,6,6,12,16,16,24,25,27,33,44,68,78,7,14,24,30,30,61,63,72,73,84,92,98,58,29,18,20,15,84,23,65,88,8,35,81,72,33,90,3,2,7,63,86,37,67,24,63,97]"
              }],
              "startState": [false],
              "stateBefore": [{
                "name": "numbs",
                "value": "[2,6,6,12,16,16,24,25,27,33,44,68,78,92,30,24,98,84,72,61,14,73,30,63,7,58,29,18,20,15,84,23,65,88,8,35,81,72,33,90,3,2,7,63,86,37,67,24,63,97]"
              }]
            }
          ],
          "methodName": ["main.MergeSort.inPlaceSort"],
          "stateAfter": [{
            "name": "numbs",
            "value": "[2,6,6,7,12,14,16,16,24,24,25,27,30,30,33,44,61,63,68,72,73,78,84,92,98,58,29,18,20,15,84,23,65,88,8,35,81,72,33,90,3,2,7,63,86,37,67,24,63,97]"
          }],
          "startState": [false],
          "stateBefore": [{
            "name": "numbs",
            "value": "[78,25,6,33,12,24,27,2,16,44,68,16,6,92,30,24,98,84,72,61,14,73,30,63,7,58,29,18,20,15,84,23,65,88,8,35,81,72,33,90,3,2,7,63,86,37,67,24,63,97]"
          }]
        },
        {
          "children": [
            {
              "children": [
                {
                  "children": [
                    {
                      "children": [
                        {
                          "children": [
                            {
                              "children": [],
                              "methodName": ["main.MergeSort.inPlaceSort"],
                              "stateAfter": [{
                                "name": "numbs",
                                "value": "[2,6,6,7,12,14,16,16,24,24,25,27,30,30,33,44,61,63,68,72,73,78,84,92,98,58,29,18,20,15,84,23,65,88,8,35,81,72,33,90,3,2,7,63,86,37,67,24,63,97]"
                              }],
                              "startState": [false],
                              "stateBefore": [{
                                "name": "numbs",
                                "value": "[2,6,6,7,12,14,16,16,24,24,25,27,30,30,33,44,61,63,68,72,73,78,84,92,98,58,29,18,20,15,84,23,65,88,8,35,81,72,33,90,3,2,7,63,86,37,67,24,63,97]"
                              }]
                            },
                            {
                              "children": [],
                              "methodName": ["main.MergeSort.inPlaceSort"],
                              "stateAfter": [{
                                "name": "numbs",
                                "value": "[2,6,6,7,12,14,16,16,24,24,25,27,30,30,33,44,61,63,68,72,73,78,84,92,98,58,29,18,20,15,84,23,65,88,8,35,81,72,33,90,3,2,7,63,86,37,67,24,63,97]"
                              }],
                              "startState": [false],
                              "stateBefore": [{
                                "name": "numbs",
                                "value": "[2,6,6,7,12,14,16,16,24,24,25,27,30,30,33,44,61,63,68,72,73,78,84,92,98,58,29,18,20,15,84,23,65,88,8,35,81,72,33,90,3,2,7,63,86,37,67,24,63,97]"
                              }]
                            }
                          ],
                          "methodName": ["main.MergeSort.inPlaceSort"],
                          "stateAfter": [{
                            "name": "numbs",
                            "value": "[2,6,6,7,12,14,16,16,24,24,25,27,30,30,33,44,61,63,68,72,73,78,84,92,98,29,58,18,20,15,84,23,65,88,8,35,81,72,33,90,3,2,7,63,86,37,67,24,63,97]"
                          }],
                          "startState": [false],
                          "stateBefore": [{
                            "name": "numbs",
                            "value": "[2,6,6,7,12,14,16,16,24,24,25,27,30,30,33,44,61,63,68,72,73,78,84,92,98,58,29,18,20,15,84,23,65,88,8,35,81,72,33,90,3,2,7,63,86,37,67,24,63,97]"
                          }]
                        },
                        {
                          "children": [
                            {
                              "children": [],
                              "methodName": ["main.MergeSort.inPlaceSort"],
                              "stateAfter": [{
                                "name": "numbs",
                                "value": "[2,6,6,7,12,14,16,16,24,24,25,27,30,30,33,44,61,63,68,72,73,78,84,92,98,29,58,18,20,15,84,23,65,88,8,35,81,72,33,90,3,2,7,63,86,37,67,24,63,97]"
                              }],
                              "startState": [false],
                              "stateBefore": [{
                                "name": "numbs",
                                "value": "[2,6,6,7,12,14,16,16,24,24,25,27,30,30,33,44,61,63,68,72,73,78,84,92,98,29,58,18,20,15,84,23,65,88,8,35,81,72,33,90,3,2,7,63,86,37,67,24,63,97]"
                              }]
                            },
                            {
                              "children": [],
                              "methodName": ["main.MergeSort.inPlaceSort"],
                              "stateAfter": [{
                                "name": "numbs",
                                "value": "[2,6,6,7,12,14,16,16,24,24,25,27,30,30,33,44,61,63,68,72,73,78,84,92,98,29,58,18,20,15,84,23,65,88,8,35,81,72,33,90,3,2,7,63,86,37,67,24,63,97]"
                              }],
                              "startState": [false],
                              "stateBefore": [{
                                "name": "numbs",
                                "value": "[2,6,6,7,12,14,16,16,24,24,25,27,30,30,33,44,61,63,68,72,73,78,84,92,98,29,58,18,20,15,84,23,65,88,8,35,81,72,33,90,3,2,7,63,86,37,67,24,63,97]"
                              }]
                            }
                          ],
                          "methodName": ["main.MergeSort.inPlaceSort"],
                          "stateAfter": [{
                            "name": "numbs",
                            "value": "[2,6,6,7,12,14,16,16,24,24,25,27,30,30,33,44,61,63,68,72,73,78,84,92,98,29,58,18,20,15,84,23,65,88,8,35,81,72,33,90,3,2,7,63,86,37,67,24,63,97]"
                          }],
                          "startState": [false],
                          "stateBefore": [{
                            "name": "numbs",
                            "value": "[2,6,6,7,12,14,16,16,24,24,25,27,30,30,33,44,61,63,68,72,73,78,84,92,98,29,58,18,20,15,84,23,65,88,8,35,81,72,33,90,3,2,7,63,86,37,67,24,63,97]"
                          }]
                        }
                      ],
                      "methodName": ["main.MergeSort.inPlaceSort"],
                      "stateAfter": [{
                        "name": "numbs",
                        "value": "[2,6,6,7,12,14,16,16,24,24,25,27,30,30,33,44,61,63,68,72,73,78,84,92,98,18,20,29,58,15,84,23,65,88,8,35,81,72,33,90,3,2,7,63,86,37,67,24,63,97]"
                      }],
                      "startState": [false],
                      "stateBefore": [{
                        "name": "numbs",
                        "value": "[2,6,6,7,12,14,16,16,24,24,25,27,30,30,33,44,61,63,68,72,73,78,84,92,98,58,29,18,20,15,84,23,65,88,8,35,81,72,33,90,3,2,7,63,86,37,67,24,63,97]"
                      }]
                    },
                    {
                      "children": [
                        {
                          "children": [
                            {
                              "children": [],
                              "methodName": ["main.MergeSort.inPlaceSort"],
                              "stateAfter": [{
                                "name": "numbs",
                                "value": "[2,6,6,7,12,14,16,16,24,24,25,27,30,30,33,44,61,63,68,72,73,78,84,92,98,18,20,29,58,15,84,23,65,88,8,35,81,72,33,90,3,2,7,63,86,37,67,24,63,97]"
                              }],
                              "startState": [false],
                              "stateBefore": [{
                                "name": "numbs",
                                "value": "[2,6,6,7,12,14,16,16,24,24,25,27,30,30,33,44,61,63,68,72,73,78,84,92,98,18,20,29,58,15,84,23,65,88,8,35,81,72,33,90,3,2,7,63,86,37,67,24,63,97]"
                              }]
                            },
                            {
                              "children": [],
                              "methodName": ["main.MergeSort.inPlaceSort"],
                              "stateAfter": [{
                                "name": "numbs",
                                "value": "[2,6,6,7,12,14,16,16,24,24,25,27,30,30,33,44,61,63,68,72,73,78,84,92,98,18,20,29,58,15,84,23,65,88,8,35,81,72,33,90,3,2,7,63,86,37,67,24,63,97]"
                              }],
                              "startState": [false],
                              "stateBefore": [{
                                "name": "numbs",
                                "value": "[2,6,6,7,12,14,16,16,24,24,25,27,30,30,33,44,61,63,68,72,73,78,84,92,98,18,20,29,58,15,84,23,65,88,8,35,81,72,33,90,3,2,7,63,86,37,67,24,63,97]"
                              }]
                            }
                          ],
                          "methodName": ["main.MergeSort.inPlaceSort"],
                          "stateAfter": [{
                            "name": "numbs",
                            "value": "[2,6,6,7,12,14,16,16,24,24,25,27,30,30,33,44,61,63,68,72,73,78,84,92,98,18,20,29,58,15,84,23,65,88,8,35,81,72,33,90,3,2,7,63,86,37,67,24,63,97]"
                          }],
                          "startState": [false],
                          "stateBefore": [{
                            "name": "numbs",
                            "value": "[2,6,6,7,12,14,16,16,24,24,25,27,30,30,33,44,61,63,68,72,73,78,84,92,98,18,20,29,58,15,84,23,65,88,8,35,81,72,33,90,3,2,7,63,86,37,67,24,63,97]"
                          }]
                        },
                        {
                          "children": [],
                          "methodName": ["main.MergeSort.inPlaceSort"],
                          "stateAfter": [{
                            "name": "numbs",
                            "value": "[2,6,6,7,12,14,16,16,24,24,25,27,30,30,33,44,61,63,68,72,73,78,84,92,98,18,20,29,58,15,84,23,65,88,8,35,81,72,33,90,3,2,7,63,86,37,67,24,63,97]"
                          }],
                          "startState": [false],
                          "stateBefore": [{
                            "name": "numbs",
                            "value": "[2,6,6,7,12,14,16,16,24,24,25,27,30,30,33,44,61,63,68,72,73,78,84,92,98,18,20,29,58,15,84,23,65,88,8,35,81,72,33,90,3,2,7,63,86,37,67,24,63,97]"
                          }]
                        }
                      ],
                      "methodName": ["main.MergeSort.inPlaceSort"],
                      "stateAfter": [{
                        "name": "numbs",
                        "value": "[2,6,6,7,12,14,16,16,24,24,25,27,30,30,33,44,61,63,68,72,73,78,84,92,98,18,20,29,58,15,23,84,65,88,8,35,81,72,33,90,3,2,7,63,86,37,67,24,63,97]"
                      }],
                      "startState": [false],
                      "stateBefore": [{
                        "name": "numbs",
                        "value": "[2,6,6,7,12,14,16,16,24,24,25,27,30,30,33,44,61,63,68,72,73,78,84,92,98,18,20,29,58,15,84,23,65,88,8,35,81,72,33,90,3,2,7,63,86,37,67,24,63,97]"
                      }]
                    }
                  ],
                  "methodName": ["main.MergeSort.inPlaceSort"],
                  "stateAfter": [{
                    "name": "numbs",
                    "value": "[2,6,6,7,12,14,16,16,24,24,25,27,30,30,33,44,61,63,68,72,73,78,84,92,98,15,18,20,23,29,58,84,65,88,8,35,81,72,33,90,3,2,7,63,86,37,67,24,63,97]"
                  }],
                  "startState": [false],
                  "stateBefore": [{
                    "name": "numbs",
                    "value": "[2,6,6,7,12,14,16,16,24,24,25,27,30,30,33,44,61,63,68,72,73,78,84,92,98,58,29,18,20,15,84,23,65,88,8,35,81,72,33,90,3,2,7,63,86,37,67,24,63,97]"
                  }]
                },
                {
                  "children": [
                    {
                      "children": [
                        {
                          "children": [
                            {
                              "children": [],
                              "methodName": ["main.MergeSort.inPlaceSort"],
                              "stateAfter": [{
                                "name": "numbs",
                                "value": "[2,6,6,7,12,14,16,16,24,24,25,27,30,30,33,44,61,63,68,72,73,78,84,92,98,15,18,20,23,29,58,84,65,88,8,35,81,72,33,90,3,2,7,63,86,37,67,24,63,97]"
                              }],
                              "startState": [false],
                              "stateBefore": [{
                                "name": "numbs",
                                "value": "[2,6,6,7,12,14,16,16,24,24,25,27,30,30,33,44,61,63,68,72,73,78,84,92,98,15,18,20,23,29,58,84,65,88,8,35,81,72,33,90,3,2,7,63,86,37,67,24,63,97]"
                              }]
                            },
                            {
                              "children": [],
                              "methodName": ["main.MergeSort.inPlaceSort"],
                              "stateAfter": [{
                                "name": "numbs",
                                "value": "[2,6,6,7,12,14,16,16,24,24,25,27,30,30,33,44,61,63,68,72,73,78,84,92,98,15,18,20,23,29,58,84,65,88,8,35,81,72,33,90,3,2,7,63,86,37,67,24,63,97]"
                              }],
                              "startState": [false],
                              "stateBefore": [{
                                "name": "numbs",
                                "value": "[2,6,6,7,12,14,16,16,24,24,25,27,30,30,33,44,61,63,68,72,73,78,84,92,98,15,18,20,23,29,58,84,65,88,8,35,81,72,33,90,3,2,7,63,86,37,67,24,63,97]"
                              }]
                            }
                          ],
                          "methodName": ["main.MergeSort.inPlaceSort"],
                          "stateAfter": [{
                            "name": "numbs",
                            "value": "[2,6,6,7,12,14,16,16,24,24,25,27,30,30,33,44,61,63,68,72,73,78,84,92,98,15,18,20,23,29,58,84,65,88,8,35,81,72,33,90,3,2,7,63,86,37,67,24,63,97]"
                          }],
                          "startState": [false],
                          "stateBefore": [{
                            "name": "numbs",
                            "value": "[2,6,6,7,12,14,16,16,24,24,25,27,30,30,33,44,61,63,68,72,73,78,84,92,98,15,18,20,23,29,58,84,65,88,8,35,81,72,33,90,3,2,7,63,86,37,67,24,63,97]"
                          }]
                        },
                        {
                          "children": [],
                          "methodName": ["main.MergeSort.inPlaceSort"],
                          "stateAfter": [{
                            "name": "numbs",
                            "value": "[2,6,6,7,12,14,16,16,24,24,25,27,30,30,33,44,61,63,68,72,73,78,84,92,98,15,18,20,23,29,58,84,65,88,8,35,81,72,33,90,3,2,7,63,86,37,67,24,63,97]"
                          }],
                          "startState": [false],
                          "stateBefore": [{
                            "name": "numbs",
                            "value": "[2,6,6,7,12,14,16,16,24,24,25,27,30,30,33,44,61,63,68,72,73,78,84,92,98,15,18,20,23,29,58,84,65,88,8,35,81,72,33,90,3,2,7,63,86,37,67,24,63,97]"
                          }]
                        }
                      ],
                      "methodName": ["main.MergeSort.inPlaceSort"],
                      "stateAfter": [{
                        "name": "numbs",
                        "value": "[2,6,6,7,12,14,16,16,24,24,25,27,30,30,33,44,61,63,68,72,73,78,84,92,98,15,18,20,23,29,58,84,8,65,88,35,81,72,33,90,3,2,7,63,86,37,67,24,63,97]"
                      }],
                      "startState": [false],
                      "stateBefore": [{
                        "name": "numbs",
                        "value": "[2,6,6,7,12,14,16,16,24,24,25,27,30,30,33,44,61,63,68,72,73,78,84,92,98,15,18,20,23,29,58,84,65,88,8,35,81,72,33,90,3,2,7,63,86,37,67,24,63,97]"
                      }]
                    },
                    {
                      "children": [
                        {
                          "children": [
                            {
                              "children": [],
                              "methodName": ["main.MergeSort.inPlaceSort"],
                              "stateAfter": [{
                                "name": "numbs",
                                "value": "[2,6,6,7,12,14,16,16,24,24,25,27,30,30,33,44,61,63,68,72,73,78,84,92,98,15,18,20,23,29,58,84,8,65,88,35,81,72,33,90,3,2,7,63,86,37,67,24,63,97]"
                              }],
                              "startState": [false],
                              "stateBefore": [{
                                "name": "numbs",
                                "value": "[2,6,6,7,12,14,16,16,24,24,25,27,30,30,33,44,61,63,68,72,73,78,84,92,98,15,18,20,23,29,58,84,8,65,88,35,81,72,33,90,3,2,7,63,86,37,67,24,63,97]"
                              }]
                            },
                            {
                              "children": [],
                              "methodName": ["main.MergeSort.inPlaceSort"],
                              "stateAfter": [{
                                "name": "numbs",
                                "value": "[2,6,6,7,12,14,16,16,24,24,25,27,30,30,33,44,61,63,68,72,73,78,84,92,98,15,18,20,23,29,58,84,8,65,88,35,81,72,33,90,3,2,7,63,86,37,67,24,63,97]"
                              }],
                              "startState": [false],
                              "stateBefore": [{
                                "name": "numbs",
                                "value": "[2,6,6,7,12,14,16,16,24,24,25,27,30,30,33,44,61,63,68,72,73,78,84,92,98,15,18,20,23,29,58,84,8,65,88,35,81,72,33,90,3,2,7,63,86,37,67,24,63,97]"
                              }]
                            }
                          ],
                          "methodName": ["main.MergeSort.inPlaceSort"],
                          "stateAfter": [{
                            "name": "numbs",
                            "value": "[2,6,6,7,12,14,16,16,24,24,25,27,30,30,33,44,61,63,68,72,73,78,84,92,98,15,18,20,23,29,58,84,8,65,88,35,81,72,33,90,3,2,7,63,86,37,67,24,63,97]"
                          }],
                          "startState": [false],
                          "stateBefore": [{
                            "name": "numbs",
                            "value": "[2,6,6,7,12,14,16,16,24,24,25,27,30,30,33,44,61,63,68,72,73,78,84,92,98,15,18,20,23,29,58,84,8,65,88,35,81,72,33,90,3,2,7,63,86,37,67,24,63,97]"
                          }]
                        },
                        {
                          "children": [],
                          "methodName": ["main.MergeSort.inPlaceSort"],
                          "stateAfter": [{
                            "name": "numbs",
                            "value": "[2,6,6,7,12,14,16,16,24,24,25,27,30,30,33,44,61,63,68,72,73,78,84,92,98,15,18,20,23,29,58,84,8,65,88,35,81,72,33,90,3,2,7,63,86,37,67,24,63,97]"
                          }],
                          "startState": [false],
                          "stateBefore": [{
                            "name": "numbs",
                            "value": "[2,6,6,7,12,14,16,16,24,24,25,27,30,30,33,44,61,63,68,72,73,78,84,92,98,15,18,20,23,29,58,84,8,65,88,35,81,72,33,90,3,2,7,63,86,37,67,24,63,97]"
                          }]
                        }
                      ],
                      "methodName": ["main.MergeSort.inPlaceSort"],
                      "stateAfter": [{
                        "name": "numbs",
                        "value": "[2,6,6,7,12,14,16,16,24,24,25,27,30,30,33,44,61,63,68,72,73,78,84,92,98,15,18,20,23,29,58,84,8,65,88,35,72,81,33,90,3,2,7,63,86,37,67,24,63,97]"
                      }],
                      "startState": [false],
                      "stateBefore": [{
                        "name": "numbs",
                        "value": "[2,6,6,7,12,14,16,16,24,24,25,27,30,30,33,44,61,63,68,72,73,78,84,92,98,15,18,20,23,29,58,84,8,65,88,35,81,72,33,90,3,2,7,63,86,37,67,24,63,97]"
                      }]
                    }
                  ],
                  "methodName": ["main.MergeSort.inPlaceSort"],
                  "stateAfter": [{
                    "name": "numbs",
                    "value": "[2,6,6,7,12,14,16,16,24,24,25,27,30,30,33,44,61,63,68,72,73,78,84,92,98,15,18,20,23,29,58,84,8,35,65,72,81,88,33,90,3,2,7,63,86,37,67,24,63,97]"
                  }],
                  "startState": [false],
                  "stateBefore": [{
                    "name": "numbs",
                    "value": "[2,6,6,7,12,14,16,16,24,24,25,27,30,30,33,44,61,63,68,72,73,78,84,92,98,15,18,20,23,29,58,84,65,88,8,35,81,72,33,90,3,2,7,63,86,37,67,24,63,97]"
                  }]
                }
              ],
              "methodName": ["main.MergeSort.inPlaceSort"],
              "stateAfter": [{
                "name": "numbs",
                "value": "[2,6,6,7,12,14,16,16,24,24,25,27,30,30,33,44,61,63,68,72,73,78,84,92,98,8,15,18,20,23,29,35,58,65,72,81,84,88,33,90,3,2,7,63,86,37,67,24,63,97]"
              }],
              "startState": [false],
              "stateBefore": [{
                "name": "numbs",
                "value": "[2,6,6,7,12,14,16,16,24,24,25,27,30,30,33,44,61,63,68,72,73,78,84,92,98,58,29,18,20,15,84,23,65,88,8,35,81,72,33,90,3,2,7,63,86,37,67,24,63,97]"
              }]
            },
            {
              "children": [
                {
                  "children": [
                    {
                      "children": [
                        {
                          "children": [
                            {
                              "children": [],
                              "methodName": ["main.MergeSort.inPlaceSort"],
                              "stateAfter": [{
                                "name": "numbs",
                                "value": "[2,6,6,7,12,14,16,16,24,24,25,27,30,30,33,44,61,63,68,72,73,78,84,92,98,8,15,18,20,23,29,35,58,65,72,81,84,88,33,90,3,2,7,63,86,37,67,24,63,97]"
                              }],
                              "startState": [false],
                              "stateBefore": [{
                                "name": "numbs",
                                "value": "[2,6,6,7,12,14,16,16,24,24,25,27,30,30,33,44,61,63,68,72,73,78,84,92,98,8,15,18,20,23,29,35,58,65,72,81,84,88,33,90,3,2,7,63,86,37,67,24,63,97]"
                              }]
                            },
                            {
                              "children": [],
                              "methodName": ["main.MergeSort.inPlaceSort"],
                              "stateAfter": [{
                                "name": "numbs",
                                "value": "[2,6,6,7,12,14,16,16,24,24,25,27,30,30,33,44,61,63,68,72,73,78,84,92,98,8,15,18,20,23,29,35,58,65,72,81,84,88,33,90,3,2,7,63,86,37,67,24,63,97]"
                              }],
                              "startState": [false],
                              "stateBefore": [{
                                "name": "numbs",
                                "value": "[2,6,6,7,12,14,16,16,24,24,25,27,30,30,33,44,61,63,68,72,73,78,84,92,98,8,15,18,20,23,29,35,58,65,72,81,84,88,33,90,3,2,7,63,86,37,67,24,63,97]"
                              }]
                            }
                          ],
                          "methodName": ["main.MergeSort.inPlaceSort"],
                          "stateAfter": [{
                            "name": "numbs",
                            "value": "[2,6,6,7,12,14,16,16,24,24,25,27,30,30,33,44,61,63,68,72,73,78,84,92,98,8,15,18,20,23,29,35,58,65,72,81,84,88,33,90,3,2,7,63,86,37,67,24,63,97]"
                          }],
                          "startState": [false],
                          "stateBefore": [{
                            "name": "numbs",
                            "value": "[2,6,6,7,12,14,16,16,24,24,25,27,30,30,33,44,61,63,68,72,73,78,84,92,98,8,15,18,20,23,29,35,58,65,72,81,84,88,33,90,3,2,7,63,86,37,67,24,63,97]"
                          }]
                        },
                        {
                          "children": [],
                          "methodName": ["main.MergeSort.inPlaceSort"],
                          "stateAfter": [{
                            "name": "numbs",
                            "value": "[2,6,6,7,12,14,16,16,24,24,25,27,30,30,33,44,61,63,68,72,73,78,84,92,98,8,15,18,20,23,29,35,58,65,72,81,84,88,33,90,3,2,7,63,86,37,67,24,63,97]"
                          }],
                          "startState": [false],
                          "stateBefore": [{
                            "name": "numbs",
                            "value": "[2,6,6,7,12,14,16,16,24,24,25,27,30,30,33,44,61,63,68,72,73,78,84,92,98,8,15,18,20,23,29,35,58,65,72,81,84,88,33,90,3,2,7,63,86,37,67,24,63,97]"
                          }]
                        }
                      ],
                      "methodName": ["main.MergeSort.inPlaceSort"],
                      "stateAfter": [{
                        "name": "numbs",
                        "value": "[2,6,6,7,12,14,16,16,24,24,25,27,30,30,33,44,61,63,68,72,73,78,84,92,98,8,15,18,20,23,29,35,58,65,72,81,84,88,3,33,90,2,7,63,86,37,67,24,63,97]"
                      }],
                      "startState": [false],
                      "stateBefore": [{
                        "name": "numbs",
                        "value": "[2,6,6,7,12,14,16,16,24,24,25,27,30,30,33,44,61,63,68,72,73,78,84,92,98,8,15,18,20,23,29,35,58,65,72,81,84,88,33,90,3,2,7,63,86,37,67,24,63,97]"
                      }]
                    },
                    {
                      "children": [
                        {
                          "children": [
                            {
                              "children": [],
                              "methodName": ["main.MergeSort.inPlaceSort"],
                              "stateAfter": [{
                                "name": "numbs",
                                "value": "[2,6,6,7,12,14,16,16,24,24,25,27,30,30,33,44,61,63,68,72,73,78,84,92,98,8,15,18,20,23,29,35,58,65,72,81,84,88,3,33,90,2,7,63,86,37,67,24,63,97]"
                              }],
                              "startState": [false],
                              "stateBefore": [{
                                "name": "numbs",
                                "value": "[2,6,6,7,12,14,16,16,24,24,25,27,30,30,33,44,61,63,68,72,73,78,84,92,98,8,15,18,20,23,29,35,58,65,72,81,84,88,3,33,90,2,7,63,86,37,67,24,63,97]"
                              }]
                            },
                            {
                              "children": [],
                              "methodName": ["main.MergeSort.inPlaceSort"],
                              "stateAfter": [{
                                "name": "numbs",
                                "value": "[2,6,6,7,12,14,16,16,24,24,25,27,30,30,33,44,61,63,68,72,73,78,84,92,98,8,15,18,20,23,29,35,58,65,72,81,84,88,3,33,90,2,7,63,86,37,67,24,63,97]"
                              }],
                              "startState": [false],
                              "stateBefore": [{
                                "name": "numbs",
                                "value": "[2,6,6,7,12,14,16,16,24,24,25,27,30,30,33,44,61,63,68,72,73,78,84,92,98,8,15,18,20,23,29,35,58,65,72,81,84,88,3,33,90,2,7,63,86,37,67,24,63,97]"
                              }]
                            }
                          ],
                          "methodName": ["main.MergeSort.inPlaceSort"],
                          "stateAfter": [{
                            "name": "numbs",
                            "value": "[2,6,6,7,12,14,16,16,24,24,25,27,30,30,33,44,61,63,68,72,73,78,84,92,98,8,15,18,20,23,29,35,58,65,72,81,84,88,3,33,90,2,7,63,86,37,67,24,63,97]"
                          }],
                          "startState": [false],
                          "stateBefore": [{
                            "name": "numbs",
                            "value": "[2,6,6,7,12,14,16,16,24,24,25,27,30,30,33,44,61,63,68,72,73,78,84,92,98,8,15,18,20,23,29,35,58,65,72,81,84,88,3,33,90,2,7,63,86,37,67,24,63,97]"
                          }]
                        },
                        {
                          "children": [],
                          "methodName": ["main.MergeSort.inPlaceSort"],
                          "stateAfter": [{
                            "name": "numbs",
                            "value": "[2,6,6,7,12,14,16,16,24,24,25,27,30,30,33,44,61,63,68,72,73,78,84,92,98,8,15,18,20,23,29,35,58,65,72,81,84,88,3,33,90,2,7,63,86,37,67,24,63,97]"
                          }],
                          "startState": [false],
                          "stateBefore": [{
                            "name": "numbs",
                            "value": "[2,6,6,7,12,14,16,16,24,24,25,27,30,30,33,44,61,63,68,72,73,78,84,92,98,8,15,18,20,23,29,35,58,65,72,81,84,88,3,33,90,2,7,63,86,37,67,24,63,97]"
                          }]
                        }
                      ],
                      "methodName": ["main.MergeSort.inPlaceSort"],
                      "stateAfter": [{
                        "name": "numbs",
                        "value": "[2,6,6,7,12,14,16,16,24,24,25,27,30,30,33,44,61,63,68,72,73,78,84,92,98,8,15,18,20,23,29,35,58,65,72,81,84,88,3,33,90,2,7,63,86,37,67,24,63,97]"
                      }],
                      "startState": [false],
                      "stateBefore": [{
                        "name": "numbs",
                        "value": "[2,6,6,7,12,14,16,16,24,24,25,27,30,30,33,44,61,63,68,72,73,78,84,92,98,8,15,18,20,23,29,35,58,65,72,81,84,88,3,33,90,2,7,63,86,37,67,24,63,97]"
                      }]
                    }
                  ],
                  "methodName": ["main.MergeSort.inPlaceSort"],
                  "stateAfter": [{
                    "name": "numbs",
                    "value": "[2,6,6,7,12,14,16,16,24,24,25,27,30,30,33,44,61,63,68,72,73,78,84,92,98,8,15,18,20,23,29,35,58,65,72,81,84,88,2,3,7,33,63,90,86,37,67,24,63,97]"
                  }],
                  "startState": [false],
                  "stateBefore": [{
                    "name": "numbs",
                    "value": "[2,6,6,7,12,14,16,16,24,24,25,27,30,30,33,44,61,63,68,72,73,78,84,92,98,8,15,18,20,23,29,35,58,65,72,81,84,88,33,90,3,2,7,63,86,37,67,24,63,97]"
                  }]
                },
                {
                  "children": [
                    {
                      "children": [
                        {
                          "children": [
                            {
                              "children": [],
                              "methodName": ["main.MergeSort.inPlaceSort"],
                              "stateAfter": [{
                                "name": "numbs",
                                "value": "[2,6,6,7,12,14,16,16,24,24,25,27,30,30,33,44,61,63,68,72,73,78,84,92,98,8,15,18,20,23,29,35,58,65,72,81,84,88,2,3,7,33,63,90,86,37,67,24,63,97]"
                              }],
                              "startState": [false],
                              "stateBefore": [{
                                "name": "numbs",
                                "value": "[2,6,6,7,12,14,16,16,24,24,25,27,30,30,33,44,61,63,68,72,73,78,84,92,98,8,15,18,20,23,29,35,58,65,72,81,84,88,2,3,7,33,63,90,86,37,67,24,63,97]"
                              }]
                            },
                            {
                              "children": [],
                              "methodName": ["main.MergeSort.inPlaceSort"],
                              "stateAfter": [{
                                "name": "numbs",
                                "value": "[2,6,6,7,12,14,16,16,24,24,25,27,30,30,33,44,61,63,68,72,73,78,84,92,98,8,15,18,20,23,29,35,58,65,72,81,84,88,2,3,7,33,63,90,86,37,67,24,63,97]"
                              }],
                              "startState": [false],
                              "stateBefore": [{
                                "name": "numbs",
                                "value": "[2,6,6,7,12,14,16,16,24,24,25,27,30,30,33,44,61,63,68,72,73,78,84,92,98,8,15,18,20,23,29,35,58,65,72,81,84,88,2,3,7,33,63,90,86,37,67,24,63,97]"
                              }]
                            }
                          ],
                          "methodName": ["main.MergeSort.inPlaceSort"],
                          "stateAfter": [{
                            "name": "numbs",
                            "value": "[2,6,6,7,12,14,16,16,24,24,25,27,30,30,33,44,61,63,68,72,73,78,84,92,98,8,15,18,20,23,29,35,58,65,72,81,84,88,2,3,7,33,63,90,37,86,67,24,63,97]"
                          }],
                          "startState": [false],
                          "stateBefore": [{
                            "name": "numbs",
                            "value": "[2,6,6,7,12,14,16,16,24,24,25,27,30,30,33,44,61,63,68,72,73,78,84,92,98,8,15,18,20,23,29,35,58,65,72,81,84,88,2,3,7,33,63,90,86,37,67,24,63,97]"
                          }]
                        },
                        {
                          "children": [],
                          "methodName": ["main.MergeSort.inPlaceSort"],
                          "stateAfter": [{
                            "name": "numbs",
                            "value": "[2,6,6,7,12,14,16,16,24,24,25,27,30,30,33,44,61,63,68,72,73,78,84,92,98,8,15,18,20,23,29,35,58,65,72,81,84,88,2,3,7,33,63,90,37,86,67,24,63,97]"
                          }],
                          "startState": [false],
                          "stateBefore": [{
                            "name": "numbs",
                            "value": "[2,6,6,7,12,14,16,16,24,24,25,27,30,30,33,44,61,63,68,72,73,78,84,92,98,8,15,18,20,23,29,35,58,65,72,81,84,88,2,3,7,33,63,90,37,86,67,24,63,97]"
                          }]
                        }
                      ],
                      "methodName": ["main.MergeSort.inPlaceSort"],
                      "stateAfter": [{
                        "name": "numbs",
                        "value": "[2,6,6,7,12,14,16,16,24,24,25,27,30,30,33,44,61,63,68,72,73,78,84,92,98,8,15,18,20,23,29,35,58,65,72,81,84,88,2,3,7,33,63,90,37,67,86,24,63,97]"
                      }],
                      "startState": [false],
                      "stateBefore": [{
                        "name": "numbs",
                        "value": "[2,6,6,7,12,14,16,16,24,24,25,27,30,30,33,44,61,63,68,72,73,78,84,92,98,8,15,18,20,23,29,35,58,65,72,81,84,88,2,3,7,33,63,90,86,37,67,24,63,97]"
                      }]
                    },
                    {
                      "children": [
                        {
                          "children": [
                            {
                              "children": [],
                              "methodName": ["main.MergeSort.inPlaceSort"],
                              "stateAfter": [{
                                "name": "numbs",
                                "value": "[2,6,6,7,12,14,16,16,24,24,25,27,30,30,33,44,61,63,68,72,73,78,84,92,98,8,15,18,20,23,29,35,58,65,72,81,84,88,2,3,7,33,63,90,37,67,86,24,63,97]"
                              }],
                              "startState": [false],
                              "stateBefore": [{
                                "name": "numbs",
                                "value": "[2,6,6,7,12,14,16,16,24,24,25,27,30,30,33,44,61,63,68,72,73,78,84,92,98,8,15,18,20,23,29,35,58,65,72,81,84,88,2,3,7,33,63,90,37,67,86,24,63,97]"
                              }]
                            },
                            {
                              "children": [],
                              "methodName": ["main.MergeSort.inPlaceSort"],
                              "stateAfter": [{
                                "name": "numbs",
                                "value": "[2,6,6,7,12,14,16,16,24,24,25,27,30,30,33,44,61,63,68,72,73,78,84,92,98,8,15,18,20,23,29,35,58,65,72,81,84,88,2,3,7,33,63,90,37,67,86,24,63,97]"
                              }],
                              "startState": [false],
                              "stateBefore": [{
                                "name": "numbs",
                                "value": "[2,6,6,7,12,14,16,16,24,24,25,27,30,30,33,44,61,63,68,72,73,78,84,92,98,8,15,18,20,23,29,35,58,65,72,81,84,88,2,3,7,33,63,90,37,67,86,24,63,97]"
                              }]
                            }
                          ],
                          "methodName": ["main.MergeSort.inPlaceSort"],
                          "stateAfter": [{
                            "name": "numbs",
                            "value": "[2,6,6,7,12,14,16,16,24,24,25,27,30,30,33,44,61,63,68,72,73,78,84,92,98,8,15,18,20,23,29,35,58,65,72,81,84,88,2,3,7,33,63,90,37,67,86,24,63,97]"
                          }],
                          "startState": [false],
                          "stateBefore": [{
                            "name": "numbs",
                            "value": "[2,6,6,7,12,14,16,16,24,24,25,27,30,30,33,44,61,63,68,72,73,78,84,92,98,8,15,18,20,23,29,35,58,65,72,81,84,88,2,3,7,33,63,90,37,67,86,24,63,97]"
                          }]
                        },
                        {
                          "children": [],
                          "methodName": ["main.MergeSort.inPlaceSort"],
                          "stateAfter": [{
                            "name": "numbs",
                            "value": "[2,6,6,7,12,14,16,16,24,24,25,27,30,30,33,44,61,63,68,72,73,78,84,92,98,8,15,18,20,23,29,35,58,65,72,81,84,88,2,3,7,33,63,90,37,67,86,24,63,97]"
                          }],
                          "startState": [false],
                          "stateBefore": [{
                            "name": "numbs",
                            "value": "[2,6,6,7,12,14,16,16,24,24,25,27,30,30,33,44,61,63,68,72,73,78,84,92,98,8,15,18,20,23,29,35,58,65,72,81,84,88,2,3,7,33,63,90,37,67,86,24,63,97]"
                          }]
                        }
                      ],
                      "methodName": ["main.MergeSort.inPlaceSort"],
                      "stateAfter": [{
                        "name": "numbs",
                        "value": "[2,6,6,7,12,14,16,16,24,24,25,27,30,30,33,44,61,63,68,72,73,78,84,92,98,8,15,18,20,23,29,35,58,65,72,81,84,88,2,3,7,33,63,90,37,67,86,24,63,97]"
                      }],
                      "startState": [false],
                      "stateBefore": [{
                        "name": "numbs",
                        "value": "[2,6,6,7,12,14,16,16,24,24,25,27,30,30,33,44,61,63,68,72,73,78,84,92,98,8,15,18,20,23,29,35,58,65,72,81,84,88,2,3,7,33,63,90,37,67,86,24,63,97]"
                      }]
                    }
                  ],
                  "methodName": ["main.MergeSort.inPlaceSort"],
                  "stateAfter": [{
                    "name": "numbs",
                    "value": "[2,6,6,7,12,14,16,16,24,24,25,27,30,30,33,44,61,63,68,72,73,78,84,92,98,8,15,18,20,23,29,35,58,65,72,81,84,88,2,3,7,33,63,90,24,37,63,67,86,97]"
                  }],
                  "startState": [false],
                  "stateBefore": [{
                    "name": "numbs",
                    "value": "[2,6,6,7,12,14,16,16,24,24,25,27,30,30,33,44,61,63,68,72,73,78,84,92,98,8,15,18,20,23,29,35,58,65,72,81,84,88,2,3,7,33,63,90,86,37,67,24,63,97]"
                  }]
                }
              ],
              "methodName": ["main.MergeSort.inPlaceSort"],
              "stateAfter": [{
                "name": "numbs",
                "value": "[2,6,6,7,12,14,16,16,24,24,25,27,30,30,33,44,61,63,68,72,73,78,84,92,98,8,15,18,20,23,29,35,58,65,72,81,84,88,2,3,7,24,33,37,63,63,67,86,90,97]"
              }],
              "startState": [false],
              "stateBefore": [{
                "name": "numbs",
                "value": "[2,6,6,7,12,14,16,16,24,24,25,27,30,30,33,44,61,63,68,72,73,78,84,92,98,8,15,18,20,23,29,35,58,65,72,81,84,88,33,90,3,2,7,63,86,37,67,24,63,97]"
              }]
            }
          ],
          "methodName": ["main.MergeSort.inPlaceSort"],
          "stateAfter": [{
            "name": "numbs",
            "value": "[2,6,6,7,12,14,16,16,24,24,25,27,30,30,33,44,61,63,68,72,73,78,84,92,98,2,3,7,8,15,18,20,23,24,29,33,35,37,58,63,63,65,67,72,81,84,86,88,90,97]"
          }],
          "startState": [false],
          "stateBefore": [{
            "name": "numbs",
            "value": "[2,6,6,7,12,14,16,16,24,24,25,27,30,30,33,44,61,63,68,72,73,78,84,92,98,58,29,18,20,15,84,23,65,88,8,35,81,72,33,90,3,2,7,63,86,37,67,24,63,97]"
          }]
        }
      ],
      "methodName": ["main.MergeSort.inPlaceSort"],
      "stateAfter": [{
        "name": "numbs",
        "value": "[2,2,3,6,6,7,7,8,12,14,15,16,16,18,20,23,24,24,24,25,27,29,30,30,33,33,35,37,44,58,61,63,63,63,65,67,68,72,72,73,78,81,84,84,86,88,90,92,97,98]"
      }],
      "startState": [true],
      "stateBefore": [{
        "name": "numbs",
        "value": "[78,25,6,33,12,24,27,2,16,44,68,16,6,92,30,24,98,84,72,61,14,73,30,63,7,58,29,18,20,15,84,23,65,88,8,35,81,72,33,90,3,2,7,63,86,37,67,24,63,97]"
      }]
    }],
    "methodName": ["main.MergeSort.main"],
    "stateAfter": {},
    "startState": [false],
    "stateBefore": {}
  }],
  "methodName": ["main.MergeSort.main"],
  "stateAfter": {},
  "startState": [false],
  "stateBefore": {}
}