{
  "children": [{
    "children": [{
      "children": [
        {
          "children": [],
          "methodName": ["SimpleProgram.<init>"],
          "stateAfter": [
            {
              "name": "a",
              "value": "1"
            },
            {
              "name": "b",
              "value": "2"
            },
            {
              "name": "c",
              "value": "Hello"
            }
          ],
          "startState": [false],
          "stateBefore": [
            {
              "name": "a",
              "value": "0"
            },
            {
              "name": "b",
              "value": "0"
            },
            {
              "name": "c",
              "value": "null"
            }
          ]
        },
        {
          "children": [],
          "methodName": ["SimpleProgram.changeA"],
          "stateAfter": [
            {
              "name": "a",
              "value": "5"
            },
            {
              "name": "b",
              "value": "2"
            },
            {
              "name": "c",
              "value": "Hello"
            }
          ],
          "startState": [false],
          "stateBefore": [
            {
              "name": "a",
              "value": "1"
            },
            {
              "name": "b",
              "value": "2"
            },
            {
              "name": "c",
              "value": "Hello"
            }
          ]
        },
        {
          "children": [],
          "methodName": ["SimpleProgram.changeB"],
          "stateAfter": [
            {
              "name": "a",
              "value": "5"
            },
            {
              "name": "b",
              "value": "10"
            },
            {
              "name": "c",
              "value": "Hello"
            }
          ],
          "startState": [false],
          "stateBefore": [
            {
              "name": "a",
              "value": "5"
            },
            {
              "name": "b",
              "value": "2"
            },
            {
              "name": "c",
              "value": "Hello"
            }
          ]
        },
        {
          "children": [],
          "methodName": ["SimpleProgram.changeC"],
          "stateAfter": [
            {
              "name": "a",
              "value": "5"
            },
            {
              "name": "b",
              "value": "10"
            },
            {
              "name": "c",
              "value": "Hi"
            }
          ],
          "startState": [false],
          "stateBefore": [
            {
              "name": "a",
              "value": "5"
            },
            {
              "name": "b",
              "value": "10"
            },
            {
              "name": "c",
              "value": "Hello"
            }
          ]
        },
        {
          "children": [],
          "methodName": ["SimpleProgram.multiplyBy2"],
          "stateAfter": [
            {
              "name": "a",
              "value": "10"
            },
            {
              "name": "b",
              "value": "20"
            },
            {
              "name": "c",
              "value": "HiHi"
            }
          ],
          "startState": [false],
          "stateBefore": [
            {
              "name": "a",
              "value": "5"
            },
            {
              "name": "b",
              "value": "10"
            },
            {
              "name": "c",
              "value": "Hi"
            }
          ]
        }
      ],
      "methodName": ["SimpleProgram.doStuff"],
      "stateAfter": {},
      "startState": [false],
      "stateBefore": {}
    }],
    "methodName": ["SimpleProgram.main"],
    "stateAfter": {},
    "startState": [false],
    "stateBefore": {}
  }],
  "methodName": ["SimpleProgram.main"],
  "stateAfter": {},
  "startState": [false],
  "stateBefore": {}
}