{
  "children": [{
    "children": [
      {
        "children": [],
        "methodName": ["main.MergeSort.<init>"],
        "stateAfter": [{
          "name": "numbs",
          "value": "null"
        }],
        "startState": [false],
        "stateBefore": [{
          "name": "numbs",
          "value": "null"
        }]
      },
      {
        "children": [
          {
            "children": [
              {
                "children": [
                  {
                    "children": [
                      {
                        "children": [
                          {
                            "children": [
                              {
                                "children": [],
                                "methodName": ["main.MergeSort.inPlaceSort"],
                                "stateAfter": [{
                                  "name": "numbs",
                                  "value": "[85,72,75,48,38,49,13,11,85,83,13,68,31,39,65,64,26,35,24,12,54,13,94,34,15,30,45,15,88,49,84,11,39,77,27,81,15,51,2,63,12,57,17,93,14,3,17,3,20,10]"
                                }],
                                "startState": [false],
                                "stateBefore": [{
                                  "name": "numbs",
                                  "value": "[85,72,75,48,38,49,13,11,85,83,13,68,31,39,65,64,26,35,24,12,54,13,94,34,15,30,45,15,88,49,84,11,39,77,27,81,15,51,2,63,12,57,17,93,14,3,17,3,20,10]"
                                }]
                              },
                              {
                                "children": [],
                                "methodName": ["main.MergeSort.inPlaceSort"],
                                "stateAfter": [{
                                  "name": "numbs",
                                  "value": "[85,72,75,48,38,49,13,11,85,83,13,68,31,39,65,64,26,35,24,12,54,13,94,34,15,30,45,15,88,49,84,11,39,77,27,81,15,51,2,63,12,57,17,93,14,3,17,3,20,10]"
                                }],
                                "startState": [false],
                                "stateBefore": [{
                                  "name": "numbs",
                                  "value": "[85,72,75,48,38,49,13,11,85,83,13,68,31,39,65,64,26,35,24,12,54,13,94,34,15,30,45,15,88,49,84,11,39,77,27,81,15,51,2,63,12,57,17,93,14,3,17,3,20,10]"
                                }]
                              }
                            ],
                            "methodName": ["main.MergeSort.inPlaceSort"],
                            "stateAfter": [{
                              "name": "numbs",
                              "value": "[72,85,75,48,38,49,13,11,85,83,13,68,31,39,65,64,26,35,24,12,54,13,94,34,15,30,45,15,88,49,84,11,39,77,27,81,15,51,2,63,12,57,17,93,14,3,17,3,20,10]"
                            }],
                            "startState": [false],
                            "stateBefore": [{
                              "name": "numbs",
                              "value": "[85,72,75,48,38,49,13,11,85,83,13,68,31,39,65,64,26,35,24,12,54,13,94,34,15,30,45,15,88,49,84,11,39,77,27,81,15,51,2,63,12,57,17,93,14,3,17,3,20,10]"
                            }]
                          },
                          {
                            "children": [
                              {
                                "children": [],
                                "methodName": ["main.MergeSort.inPlaceSort"],
                                "stateAfter": [{
                                  "name": "numbs",
                                  "value": "[72,85,75,48,38,49,13,11,85,83,13,68,31,39,65,64,26,35,24,12,54,13,94,34,15,30,45,15,88,49,84,11,39,77,27,81,15,51,2,63,12,57,17,93,14,3,17,3,20,10]"
                                }],
                                "startState": [false],
                                "stateBefore": [{
                                  "name": "numbs",
                                  "value": "[72,85,75,48,38,49,13,11,85,83,13,68,31,39,65,64,26,35,24,12,54,13,94,34,15,30,45,15,88,49,84,11,39,77,27,81,15,51,2,63,12,57,17,93,14,3,17,3,20,10]"
                                }]
                              },
                              {
                                "children": [],
                                "methodName": ["main.MergeSort.inPlaceSort"],
                                "stateAfter": [{
                                  "name": "numbs",
                                  "value": "[72,85,75,48,38,49,13,11,85,83,13,68,31,39,65,64,26,35,24,12,54,13,94,34,15,30,45,15,88,49,84,11,39,77,27,81,15,51,2,63,12,57,17,93,14,3,17,3,20,10]"
                                }],
                                "startState": [false],
                                "stateBefore": [{
                                  "name": "numbs",
                                  "value": "[72,85,75,48,38,49,13,11,85,83,13,68,31,39,65,64,26,35,24,12,54,13,94,34,15,30,45,15,88,49,84,11,39,77,27,81,15,51,2,63,12,57,17,93,14,3,17,3,20,10]"
                                }]
                              }
                            ],
                            "methodName": ["main.MergeSort.inPlaceSort"],
                            "stateAfter": [{
                              "name": "numbs",
                              "value": "[72,85,48,75,38,49,13,11,85,83,13,68,31,39,65,64,26,35,24,12,54,13,94,34,15,30,45,15,88,49,84,11,39,77,27,81,15,51,2,63,12,57,17,93,14,3,17,3,20,10]"
                            }],
                            "startState": [false],
                            "stateBefore": [{
                              "name": "numbs",
                              "value": "[72,85,75,48,38,49,13,11,85,83,13,68,31,39,65,64,26,35,24,12,54,13,94,34,15,30,45,15,88,49,84,11,39,77,27,81,15,51,2,63,12,57,17,93,14,3,17,3,20,10]"
                            }]
                          }
                        ],
                        "methodName": ["main.MergeSort.inPlaceSort"],
                        "stateAfter": [{
                          "name": "numbs",
                          "value": "[48,72,75,85,38,49,13,11,85,83,13,68,31,39,65,64,26,35,24,12,54,13,94,34,15,30,45,15,88,49,84,11,39,77,27,81,15,51,2,63,12,57,17,93,14,3,17,3,20,10]"
                        }],
                        "startState": [false],
                        "stateBefore": [{
                          "name": "numbs",
                          "value": "[85,72,75,48,38,49,13,11,85,83,13,68,31,39,65,64,26,35,24,12,54,13,94,34,15,30,45,15,88,49,84,11,39,77,27,81,15,51,2,63,12,57,17,93,14,3,17,3,20,10]"
                        }]
                      },
                      {
                        "children": [
                          {
                            "children": [
                              {
                                "children": [],
                                "methodName": ["main.MergeSort.inPlaceSort"],
                                "stateAfter": [{
                                  "name": "numbs",
                                  "value": "[48,72,75,85,38,49,13,11,85,83,13,68,31,39,65,64,26,35,24,12,54,13,94,34,15,30,45,15,88,49,84,11,39,77,27,81,15,51,2,63,12,57,17,93,14,3,17,3,20,10]"
                                }],
                                "startState": [false],
                                "stateBefore": [{
                                  "name": "numbs",
                                  "value": "[48,72,75,85,38,49,13,11,85,83,13,68,31,39,65,64,26,35,24,12,54,13,94,34,15,30,45,15,88,49,84,11,39,77,27,81,15,51,2,63,12,57,17,93,14,3,17,3,20,10]"
                                }]
                              },
                              {
                                "children": [],
                                "methodName": ["main.MergeSort.inPlaceSort"],
                                "stateAfter": [{
                                  "name": "numbs",
                                  "value": "[48,72,75,85,38,49,13,11,85,83,13,68,31,39,65,64,26,35,24,12,54,13,94,34,15,30,45,15,88,49,84,11,39,77,27,81,15,51,2,63,12,57,17,93,14,3,17,3,20,10]"
                                }],
                                "startState": [false],
                                "stateBefore": [{
                                  "name": "numbs",
                                  "value": "[48,72,75,85,38,49,13,11,85,83,13,68,31,39,65,64,26,35,24,12,54,13,94,34,15,30,45,15,88,49,84,11,39,77,27,81,15,51,2,63,12,57,17,93,14,3,17,3,20,10]"
                                }]
                              }
                            ],
                            "methodName": ["main.MergeSort.inPlaceSort"],
                            "stateAfter": [{
                              "name": "numbs",
                              "value": "[48,72,75,85,38,49,13,11,85,83,13,68,31,39,65,64,26,35,24,12,54,13,94,34,15,30,45,15,88,49,84,11,39,77,27,81,15,51,2,63,12,57,17,93,14,3,17,3,20,10]"
                            }],
                            "startState": [false],
                            "stateBefore": [{
                              "name": "numbs",
                              "value": "[48,72,75,85,38,49,13,11,85,83,13,68,31,39,65,64,26,35,24,12,54,13,94,34,15,30,45,15,88,49,84,11,39,77,27,81,15,51,2,63,12,57,17,93,14,3,17,3,20,10]"
                            }]
                          },
                          {
                            "children": [],
                            "methodName": ["main.MergeSort.inPlaceSort"],
                            "stateAfter": [{
                              "name": "numbs",
                              "value": "[48,72,75,85,38,49,13,11,85,83,13,68,31,39,65,64,26,35,24,12,54,13,94,34,15,30,45,15,88,49,84,11,39,77,27,81,15,51,2,63,12,57,17,93,14,3,17,3,20,10]"
                            }],
                            "startState": [false],
                            "stateBefore": [{
                              "name": "numbs",
                              "value": "[48,72,75,85,38,49,13,11,85,83,13,68,31,39,65,64,26,35,24,12,54,13,94,34,15,30,45,15,88,49,84,11,39,77,27,81,15,51,2,63,12,57,17,93,14,3,17,3,20,10]"
                            }]
                          }
                        ],
                        "methodName": ["main.MergeSort.inPlaceSort"],
                        "stateAfter": [{
                          "name": "numbs",
                          "value": "[48,72,75,85,13,38,49,11,85,83,13,68,31,39,65,64,26,35,24,12,54,13,94,34,15,30,45,15,88,49,84,11,39,77,27,81,15,51,2,63,12,57,17,93,14,3,17,3,20,10]"
                        }],
                        "startState": [false],
                        "stateBefore": [{
                          "name": "numbs",
                          "value": "[48,72,75,85,38,49,13,11,85,83,13,68,31,39,65,64,26,35,24,12,54,13,94,34,15,30,45,15,88,49,84,11,39,77,27,81,15,51,2,63,12,57,17,93,14,3,17,3,20,10]"
                        }]
                      }
                    ],
                    "methodName": ["main.MergeSort.inPlaceSort"],
                    "stateAfter": [{
                      "name": "numbs",
                      "value": "[13,38,48,49,72,75,85,11,85,83,13,68,31,39,65,64,26,35,24,12,54,13,94,34,15,30,45,15,88,49,84,11,39,77,27,81,15,51,2,63,12,57,17,93,14,3,17,3,20,10]"
                    }],
                    "startState": [false],
                    "stateBefore": [{
                      "name": "numbs",
                      "value": "[85,72,75,48,38,49,13,11,85,83,13,68,31,39,65,64,26,35,24,12,54,13,94,34,15,30,45,15,88,49,84,11,39,77,27,81,15,51,2,63,12,57,17,93,14,3,17,3,20,10]"
                    }]
                  },
                  {
                    "children": [
                      {
                        "children": [
                          {
                            "children": [
                              {
                                "children": [],
                                "methodName": ["main.MergeSort.inPlaceSort"],
                                "stateAfter": [{
                                  "name": "numbs",
                                  "value": "[13,38,48,49,72,75,85,11,85,83,13,68,31,39,65,64,26,35,24,12,54,13,94,34,15,30,45,15,88,49,84,11,39,77,27,81,15,51,2,63,12,57,17,93,14,3,17,3,20,10]"
                                }],
                                "startState": [false],
                                "stateBefore": [{
                                  "name": "numbs",
                                  "value": "[13,38,48,49,72,75,85,11,85,83,13,68,31,39,65,64,26,35,24,12,54,13,94,34,15,30,45,15,88,49,84,11,39,77,27,81,15,51,2,63,12,57,17,93,14,3,17,3,20,10]"
                                }]
                              },
                              {
                                "children": [],
                                "methodName": ["main.MergeSort.inPlaceSort"],
                                "stateAfter": [{
                                  "name": "numbs",
                                  "value": "[13,38,48,49,72,75,85,11,85,83,13,68,31,39,65,64,26,35,24,12,54,13,94,34,15,30,45,15,88,49,84,11,39,77,27,81,15,51,2,63,12,57,17,93,14,3,17,3,20,10]"
                                }],
                                "startState": [false],
                                "stateBefore": [{
                                  "name": "numbs",
                                  "value": "[13,38,48,49,72,75,85,11,85,83,13,68,31,39,65,64,26,35,24,12,54,13,94,34,15,30,45,15,88,49,84,11,39,77,27,81,15,51,2,63,12,57,17,93,14,3,17,3,20,10]"
                                }]
                              }
                            ],
                            "methodName": ["main.MergeSort.inPlaceSort"],
                            "stateAfter": [{
                              "name": "numbs",
                              "value": "[13,38,48,49,72,75,85,11,85,83,13,68,31,39,65,64,26,35,24,12,54,13,94,34,15,30,45,15,88,49,84,11,39,77,27,81,15,51,2,63,12,57,17,93,14,3,17,3,20,10]"
                            }],
                            "startState": [false],
                            "stateBefore": [{
                              "name": "numbs",
                              "value": "[13,38,48,49,72,75,85,11,85,83,13,68,31,39,65,64,26,35,24,12,54,13,94,34,15,30,45,15,88,49,84,11,39,77,27,81,15,51,2,63,12,57,17,93,14,3,17,3,20,10]"
                            }]
                          },
                          {
                            "children": [],
                            "methodName": ["main.MergeSort.inPlaceSort"],
                            "stateAfter": [{
                              "name": "numbs",
                              "value": "[13,38,48,49,72,75,85,11,85,83,13,68,31,39,65,64,26,35,24,12,54,13,94,34,15,30,45,15,88,49,84,11,39,77,27,81,15,51,2,63,12,57,17,93,14,3,17,3,20,10]"
                            }],
                            "startState": [false],
                            "stateBefore": [{
                              "name": "numbs",
                              "value": "[13,38,48,49,72,75,85,11,85,83,13,68,31,39,65,64,26,35,24,12,54,13,94,34,15,30,45,15,88,49,84,11,39,77,27,81,15,51,2,63,12,57,17,93,14,3,17,3,20,10]"
                            }]
                          }
                        ],
                        "methodName": ["main.MergeSort.inPlaceSort"],
                        "stateAfter": [{
                          "name": "numbs",
                          "value": "[13,38,48,49,72,75,85,11,83,85,13,68,31,39,65,64,26,35,24,12,54,13,94,34,15,30,45,15,88,49,84,11,39,77,27,81,15,51,2,63,12,57,17,93,14,3,17,3,20,10]"
                        }],
                        "startState": [false],
                        "stateBefore": [{
                          "name": "numbs",
                          "value": "[13,38,48,49,72,75,85,11,85,83,13,68,31,39,65,64,26,35,24,12,54,13,94,34,15,30,45,15,88,49,84,11,39,77,27,81,15,51,2,63,12,57,17,93,14,3,17,3,20,10]"
                        }]
                      },
                      {
                        "children": [
                          {
                            "children": [
                              {
                                "children": [],
                                "methodName": ["main.MergeSort.inPlaceSort"],
                                "stateAfter": [{
                                  "name": "numbs",
                                  "value": "[13,38,48,49,72,75,85,11,83,85,13,68,31,39,65,64,26,35,24,12,54,13,94,34,15,30,45,15,88,49,84,11,39,77,27,81,15,51,2,63,12,57,17,93,14,3,17,3,20,10]"
                                }],
                                "startState": [false],
                                "stateBefore": [{
                                  "name": "numbs",
                                  "value": "[13,38,48,49,72,75,85,11,83,85,13,68,31,39,65,64,26,35,24,12,54,13,94,34,15,30,45,15,88,49,84,11,39,77,27,81,15,51,2,63,12,57,17,93,14,3,17,3,20,10]"
                                }]
                              },
                              {
                                "children": [],
                                "methodName": ["main.MergeSort.inPlaceSort"],
                                "stateAfter": [{
                                  "name": "numbs",
                                  "value": "[13,38,48,49,72,75,85,11,83,85,13,68,31,39,65,64,26,35,24,12,54,13,94,34,15,30,45,15,88,49,84,11,39,77,27,81,15,51,2,63,12,57,17,93,14,3,17,3,20,10]"
                                }],
                                "startState": [false],
                                "stateBefore": [{
                                  "name": "numbs",
                                  "value": "[13,38,48,49,72,75,85,11,83,85,13,68,31,39,65,64,26,35,24,12,54,13,94,34,15,30,45,15,88,49,84,11,39,77,27,81,15,51,2,63,12,57,17,93,14,3,17,3,20,10]"
                                }]
                              }
                            ],
                            "methodName": ["main.MergeSort.inPlaceSort"],
                            "stateAfter": [{
                              "name": "numbs",
                              "value": "[13,38,48,49,72,75,85,11,83,85,13,68,31,39,65,64,26,35,24,12,54,13,94,34,15,30,45,15,88,49,84,11,39,77,27,81,15,51,2,63,12,57,17,93,14,3,17,3,20,10]"
                            }],
                            "startState": [false],
                            "stateBefore": [{
                              "name": "numbs",
                              "value": "[13,38,48,49,72,75,85,11,83,85,13,68,31,39,65,64,26,35,24,12,54,13,94,34,15,30,45,15,88,49,84,11,39,77,27,81,15,51,2,63,12,57,17,93,14,3,17,3,20,10]"
                            }]
                          },
                          {
                            "children": [],
                            "methodName": ["main.MergeSort.inPlaceSort"],
                            "stateAfter": [{
                              "name": "numbs",
                              "value": "[13,38,48,49,72,75,85,11,83,85,13,68,31,39,65,64,26,35,24,12,54,13,94,34,15,30,45,15,88,49,84,11,39,77,27,81,15,51,2,63,12,57,17,93,14,3,17,3,20,10]"
                            }],
                            "startState": [false],
                            "stateBefore": [{
                              "name": "numbs",
                              "value": "[13,38,48,49,72,75,85,11,83,85,13,68,31,39,65,64,26,35,24,12,54,13,94,34,15,30,45,15,88,49,84,11,39,77,27,81,15,51,2,63,12,57,17,93,14,3,17,3,20,10]"
                            }]
                          }
                        ],
                        "methodName": ["main.MergeSort.inPlaceSort"],
                        "stateAfter": [{
                          "name": "numbs",
                          "value": "[13,38,48,49,72,75,85,11,83,85,13,31,68,39,65,64,26,35,24,12,54,13,94,34,15,30,45,15,88,49,84,11,39,77,27,81,15,51,2,63,12,57,17,93,14,3,17,3,20,10]"
                        }],
                        "startState": [false],
                        "stateBefore": [{
                          "name": "numbs",
                          "value": "[13,38,48,49,72,75,85,11,83,85,13,68,31,39,65,64,26,35,24,12,54,13,94,34,15,30,45,15,88,49,84,11,39,77,27,81,15,51,2,63,12,57,17,93,14,3,17,3,20,10]"
                        }]
                      }
                    ],
                    "methodName": ["main.MergeSort.inPlaceSort"],
                    "stateAfter": [{
                      "name": "numbs",
                      "value": "[13,38,48,49,72,75,85,11,13,31,68,83,85,39,65,64,26,35,24,12,54,13,94,34,15,30,45,15,88,49,84,11,39,77,27,81,15,51,2,63,12,57,17,93,14,3,17,3,20,10]"
                    }],
                    "startState": [false],
                    "stateBefore": [{
                      "name": "numbs",
                      "value": "[13,38,48,49,72,75,85,11,85,83,13,68,31,39,65,64,26,35,24,12,54,13,94,34,15,30,45,15,88,49,84,11,39,77,27,81,15,51,2,63,12,57,17,93,14,3,17,3,20,10]"
                    }]
                  }
                ],
                "methodName": ["main.MergeSort.inPlaceSort"],
                "stateAfter": [{
                  "name": "numbs",
                  "value": "[11,13,13,31,38,48,49,68,72,75,83,85,85,39,65,64,26,35,24,12,54,13,94,34,15,30,45,15,88,49,84,11,39,77,27,81,15,51,2,63,12,57,17,93,14,3,17,3,20,10]"
                }],
                "startState": [false],
                "stateBefore": [{
                  "name": "numbs",
                  "value": "[85,72,75,48,38,49,13,11,85,83,13,68,31,39,65,64,26,35,24,12,54,13,94,34,15,30,45,15,88,49,84,11,39,77,27,81,15,51,2,63,12,57,17,93,14,3,17,3,20,10]"
                }]
              },
              {
                "children": [
                  {
                    "children": [
                      {
                        "children": [
                          {
                            "children": [
                              {
                                "children": [],
                                "methodName": ["main.MergeSort.inPlaceSort"],
                                "stateAfter": [{
                                  "name": "numbs",
                                  "value": "[11,13,13,31,38,48,49,68,72,75,83,85,85,39,65,64,26,35,24,12,54,13,94,34,15,30,45,15,88,49,84,11,39,77,27,81,15,51,2,63,12,57,17,93,14,3,17,3,20,10]"
                                }],
                                "startState": [false],
                                "stateBefore": [{
                                  "name": "numbs",
                                  "value": "[11,13,13,31,38,48,49,68,72,75,83,85,85,39,65,64,26,35,24,12,54,13,94,34,15,30,45,15,88,49,84,11,39,77,27,81,15,51,2,63,12,57,17,93,14,3,17,3,20,10]"
                                }]
                              },
                              {
                                "children": [],
                                "methodName": ["main.MergeSort.inPlaceSort"],
                                "stateAfter": [{
                                  "name": "numbs",
                                  "value": "[11,13,13,31,38,48,49,68,72,75,83,85,85,39,65,64,26,35,24,12,54,13,94,34,15,30,45,15,88,49,84,11,39,77,27,81,15,51,2,63,12,57,17,93,14,3,17,3,20,10]"
                                }],
                                "startState": [false],
                                "stateBefore": [{
                                  "name": "numbs",
                                  "value": "[11,13,13,31,38,48,49,68,72,75,83,85,85,39,65,64,26,35,24,12,54,13,94,34,15,30,45,15,88,49,84,11,39,77,27,81,15,51,2,63,12,57,17,93,14,3,17,3,20,10]"
                                }]
                              }
                            ],
                            "methodName": ["main.MergeSort.inPlaceSort"],
                            "stateAfter": [{
                              "name": "numbs",
                              "value": "[11,13,13,31,38,48,49,68,72,75,83,85,85,39,65,64,26,35,24,12,54,13,94,34,15,30,45,15,88,49,84,11,39,77,27,81,15,51,2,63,12,57,17,93,14,3,17,3,20,10]"
                            }],
                            "startState": [false],
                            "stateBefore": [{
                              "name": "numbs",
                              "value": "[11,13,13,31,38,48,49,68,72,75,83,85,85,39,65,64,26,35,24,12,54,13,94,34,15,30,45,15,88,49,84,11,39,77,27,81,15,51,2,63,12,57,17,93,14,3,17,3,20,10]"
                            }]
                          },
                          {
                            "children": [],
                            "methodName": ["main.MergeSort.inPlaceSort"],
                            "stateAfter": [{
                              "name": "numbs",
                              "value": "[11,13,13,31,38,48,49,68,72,75,83,85,85,39,65,64,26,35,24,12,54,13,94,34,15,30,45,15,88,49,84,11,39,77,27,81,15,51,2,63,12,57,17,93,14,3,17,3,20,10]"
                            }],
                            "startState": [false],
                            "stateBefore": [{
                              "name": "numbs",
                              "value": "[11,13,13,31,38,48,49,68,72,75,83,85,85,39,65,64,26,35,24,12,54,13,94,34,15,30,45,15,88,49,84,11,39,77,27,81,15,51,2,63,12,57,17,93,14,3,17,3,20,10]"
                            }]
                          }
                        ],
                        "methodName": ["main.MergeSort.inPlaceSort"],
                        "stateAfter": [{
                          "name": "numbs",
                          "value": "[11,13,13,31,38,48,49,68,72,75,83,85,85,39,64,65,26,35,24,12,54,13,94,34,15,30,45,15,88,49,84,11,39,77,27,81,15,51,2,63,12,57,17,93,14,3,17,3,20,10]"
                        }],
                        "startState": [false],
                        "stateBefore": [{
                          "name": "numbs",
                          "value": "[11,13,13,31,38,48,49,68,72,75,83,85,85,39,65,64,26,35,24,12,54,13,94,34,15,30,45,15,88,49,84,11,39,77,27,81,15,51,2,63,12,57,17,93,14,3,17,3,20,10]"
                        }]
                      },
                      {
                        "children": [
                          {
                            "children": [
                              {
                                "children": [],
                                "methodName": ["main.MergeSort.inPlaceSort"],
                                "stateAfter": [{
                                  "name": "numbs",
                                  "value": "[11,13,13,31,38,48,49,68,72,75,83,85,85,39,64,65,26,35,24,12,54,13,94,34,15,30,45,15,88,49,84,11,39,77,27,81,15,51,2,63,12,57,17,93,14,3,17,3,20,10]"
                                }],
                                "startState": [false],
                                "stateBefore": [{
                                  "name": "numbs",
                                  "value": "[11,13,13,31,38,48,49,68,72,75,83,85,85,39,64,65,26,35,24,12,54,13,94,34,15,30,45,15,88,49,84,11,39,77,27,81,15,51,2,63,12,57,17,93,14,3,17,3,20,10]"
                                }]
                              },
                              {
                                "children": [],
                                "methodName": ["main.MergeSort.inPlaceSort"],
                                "stateAfter": [{
                                  "name": "numbs",
                                  "value": "[11,13,13,31,38,48,49,68,72,75,83,85,85,39,64,65,26,35,24,12,54,13,94,34,15,30,45,15,88,49,84,11,39,77,27,81,15,51,2,63,12,57,17,93,14,3,17,3,20,10]"
                                }],
                                "startState": [false],
                                "stateBefore": [{
                                  "name": "numbs",
                                  "value": "[11,13,13,31,38,48,49,68,72,75,83,85,85,39,64,65,26,35,24,12,54,13,94,34,15,30,45,15,88,49,84,11,39,77,27,81,15,51,2,63,12,57,17,93,14,3,17,3,20,10]"
                                }]
                              }
                            ],
                            "methodName": ["main.MergeSort.inPlaceSort"],
                            "stateAfter": [{
                              "name": "numbs",
                              "value": "[11,13,13,31,38,48,49,68,72,75,83,85,85,39,64,65,26,35,24,12,54,13,94,34,15,30,45,15,88,49,84,11,39,77,27,81,15,51,2,63,12,57,17,93,14,3,17,3,20,10]"
                            }],
                            "startState": [false],
                            "stateBefore": [{
                              "name": "numbs",
                              "value": "[11,13,13,31,38,48,49,68,72,75,83,85,85,39,64,65,26,35,24,12,54,13,94,34,15,30,45,15,88,49,84,11,39,77,27,81,15,51,2,63,12,57,17,93,14,3,17,3,20,10]"
                            }]
                          },
                          {
                            "children": [],
                            "methodName": ["main.MergeSort.inPlaceSort"],
                            "stateAfter": [{
                              "name": "numbs",
                              "value": "[11,13,13,31,38,48,49,68,72,75,83,85,85,39,64,65,26,35,24,12,54,13,94,34,15,30,45,15,88,49,84,11,39,77,27,81,15,51,2,63,12,57,17,93,14,3,17,3,20,10]"
                            }],
                            "startState": [false],
                            "stateBefore": [{
                              "name": "numbs",
                              "value": "[11,13,13,31,38,48,49,68,72,75,83,85,85,39,64,65,26,35,24,12,54,13,94,34,15,30,45,15,88,49,84,11,39,77,27,81,15,51,2,63,12,57,17,93,14,3,17,3,20,10]"
                            }]
                          }
                        ],
                        "methodName": ["main.MergeSort.inPlaceSort"],
                        "stateAfter": [{
                          "name": "numbs",
                          "value": "[11,13,13,31,38,48,49,68,72,75,83,85,85,39,64,65,24,26,35,12,54,13,94,34,15,30,45,15,88,49,84,11,39,77,27,81,15,51,2,63,12,57,17,93,14,3,17,3,20,10]"
                        }],
                        "startState": [false],
                        "stateBefore": [{
                          "name": "numbs",
                          "value": "[11,13,13,31,38,48,49,68,72,75,83,85,85,39,64,65,26,35,24,12,54,13,94,34,15,30,45,15,88,49,84,11,39,77,27,81,15,51,2,63,12,57,17,93,14,3,17,3,20,10]"
                        }]
                      }
                    ],
                    "methodName": ["main.MergeSort.inPlaceSort"],
                    "stateAfter": [{
                      "name": "numbs",
                      "value": "[11,13,13,31,38,48,49,68,72,75,83,85,85,24,26,35,39,64,65,12,54,13,94,34,15,30,45,15,88,49,84,11,39,77,27,81,15,51,2,63,12,57,17,93,14,3,17,3,20,10]"
                    }],
                    "startState": [false],
                    "stateBefore": [{
                      "name": "numbs",
                      "value": "[11,13,13,31,38,48,49,68,72,75,83,85,85,39,65,64,26,35,24,12,54,13,94,34,15,30,45,15,88,49,84,11,39,77,27,81,15,51,2,63,12,57,17,93,14,3,17,3,20,10]"
                    }]
                  },
                  {
                    "children": [
                      {
                        "children": [
                          {
                            "children": [
                              {
                                "children": [],
                                "methodName": ["main.MergeSort.inPlaceSort"],
                                "stateAfter": [{
                                  "name": "numbs",
                                  "value": "[11,13,13,31,38,48,49,68,72,75,83,85,85,24,26,35,39,64,65,12,54,13,94,34,15,30,45,15,88,49,84,11,39,77,27,81,15,51,2,63,12,57,17,93,14,3,17,3,20,10]"
                                }],
                                "startState": [false],
                                "stateBefore": [{
                                  "name": "numbs",
                                  "value": "[11,13,13,31,38,48,49,68,72,75,83,85,85,24,26,35,39,64,65,12,54,13,94,34,15,30,45,15,88,49,84,11,39,77,27,81,15,51,2,63,12,57,17,93,14,3,17,3,20,10]"
                                }]
                              },
                              {
                                "children": [],
                                "methodName": ["main.MergeSort.inPlaceSort"],
                                "stateAfter": [{
                                  "name": "numbs",
                                  "value": "[11,13,13,31,38,48,49,68,72,75,83,85,85,24,26,35,39,64,65,12,54,13,94,34,15,30,45,15,88,49,84,11,39,77,27,81,15,51,2,63,12,57,17,93,14,3,17,3,20,10]"
                                }],
                                "startState": [false],
                                "stateBefore": [{
                                  "name": "numbs",
                                  "value": "[11,13,13,31,38,48,49,68,72,75,83,85,85,24,26,35,39,64,65,12,54,13,94,34,15,30,45,15,88,49,84,11,39,77,27,81,15,51,2,63,12,57,17,93,14,3,17,3,20,10]"
                                }]
                              }
                            ],
                            "methodName": ["main.MergeSort.inPlaceSort"],
                            "stateAfter": [{
                              "name": "numbs",
                              "value": "[11,13,13,31,38,48,49,68,72,75,83,85,85,24,26,35,39,64,65,12,54,13,94,34,15,30,45,15,88,49,84,11,39,77,27,81,15,51,2,63,12,57,17,93,14,3,17,3,20,10]"
                            }],
                            "startState": [false],
                            "stateBefore": [{
                              "name": "numbs",
                              "value": "[11,13,13,31,38,48,49,68,72,75,83,85,85,24,26,35,39,64,65,12,54,13,94,34,15,30,45,15,88,49,84,11,39,77,27,81,15,51,2,63,12,57,17,93,14,3,17,3,20,10]"
                            }]
                          },
                          {
                            "children": [],
                            "methodName": ["main.MergeSort.inPlaceSort"],
                            "stateAfter": [{
                              "name": "numbs",
                              "value": "[11,13,13,31,38,48,49,68,72,75,83,85,85,24,26,35,39,64,65,12,54,13,94,34,15,30,45,15,88,49,84,11,39,77,27,81,15,51,2,63,12,57,17,93,14,3,17,3,20,10]"
                            }],
                            "startState": [false],
                            "stateBefore": [{
                              "name": "numbs",
                              "value": "[11,13,13,31,38,48,49,68,72,75,83,85,85,24,26,35,39,64,65,12,54,13,94,34,15,30,45,15,88,49,84,11,39,77,27,81,15,51,2,63,12,57,17,93,14,3,17,3,20,10]"
                            }]
                          }
                        ],
                        "methodName": ["main.MergeSort.inPlaceSort"],
                        "stateAfter": [{
                          "name": "numbs",
                          "value": "[11,13,13,31,38,48,49,68,72,75,83,85,85,24,26,35,39,64,65,12,13,54,94,34,15,30,45,15,88,49,84,11,39,77,27,81,15,51,2,63,12,57,17,93,14,3,17,3,20,10]"
                        }],
                        "startState": [false],
                        "stateBefore": [{
                          "name": "numbs",
                          "value": "[11,13,13,31,38,48,49,68,72,75,83,85,85,24,26,35,39,64,65,12,54,13,94,34,15,30,45,15,88,49,84,11,39,77,27,81,15,51,2,63,12,57,17,93,14,3,17,3,20,10]"
                        }]
                      },
                      {
                        "children": [
                          {
                            "children": [
                              {
                                "children": [],
                                "methodName": ["main.MergeSort.inPlaceSort"],
                                "stateAfter": [{
                                  "name": "numbs",
                                  "value": "[11,13,13,31,38,48,49,68,72,75,83,85,85,24,26,35,39,64,65,12,13,54,94,34,15,30,45,15,88,49,84,11,39,77,27,81,15,51,2,63,12,57,17,93,14,3,17,3,20,10]"
                                }],
                                "startState": [false],
                                "stateBefore": [{
                                  "name": "numbs",
                                  "value": "[11,13,13,31,38,48,49,68,72,75,83,85,85,24,26,35,39,64,65,12,13,54,94,34,15,30,45,15,88,49,84,11,39,77,27,81,15,51,2,63,12,57,17,93,14,3,17,3,20,10]"
                                }]
                              },
                              {
                                "children": [],
                                "methodName": ["main.MergeSort.inPlaceSort"],
                                "stateAfter": [{
                                  "name": "numbs",
                                  "value": "[11,13,13,31,38,48,49,68,72,75,83,85,85,24,26,35,39,64,65,12,13,54,94,34,15,30,45,15,88,49,84,11,39,77,27,81,15,51,2,63,12,57,17,93,14,3,17,3,20,10]"
                                }],
                                "startState": [false],
                                "stateBefore": [{
                                  "name": "numbs",
                                  "value": "[11,13,13,31,38,48,49,68,72,75,83,85,85,24,26,35,39,64,65,12,13,54,94,34,15,30,45,15,88,49,84,11,39,77,27,81,15,51,2,63,12,57,17,93,14,3,17,3,20,10]"
                                }]
                              }
                            ],
                            "methodName": ["main.MergeSort.inPlaceSort"],
                            "stateAfter": [{
                              "name": "numbs",
                              "value": "[11,13,13,31,38,48,49,68,72,75,83,85,85,24,26,35,39,64,65,12,13,54,34,94,15,30,45,15,88,49,84,11,39,77,27,81,15,51,2,63,12,57,17,93,14,3,17,3,20,10]"
                            }],
                            "startState": [false],
                            "stateBefore": [{
                              "name": "numbs",
                              "value": "[11,13,13,31,38,48,49,68,72,75,83,85,85,24,26,35,39,64,65,12,13,54,94,34,15,30,45,15,88,49,84,11,39,77,27,81,15,51,2,63,12,57,17,93,14,3,17,3,20,10]"
                            }]
                          },
                          {
                            "children": [],
                            "methodName": ["main.MergeSort.inPlaceSort"],
                            "stateAfter": [{
                              "name": "numbs",
                              "value": "[11,13,13,31,38,48,49,68,72,75,83,85,85,24,26,35,39,64,65,12,13,54,34,94,15,30,45,15,88,49,84,11,39,77,27,81,15,51,2,63,12,57,17,93,14,3,17,3,20,10]"
                            }],
                            "startState": [false],
                            "stateBefore": [{
                              "name": "numbs",
                              "value": "[11,13,13,31,38,48,49,68,72,75,83,85,85,24,26,35,39,64,65,12,13,54,34,94,15,30,45,15,88,49,84,11,39,77,27,81,15,51,2,63,12,57,17,93,14,3,17,3,20,10]"
                            }]
                          }
                        ],
                        "methodName": ["main.MergeSort.inPlaceSort"],
                        "stateAfter": [{
                          "name": "numbs",
                          "value": "[11,13,13,31,38,48,49,68,72,75,83,85,85,24,26,35,39,64,65,12,13,54,15,34,94,30,45,15,88,49,84,11,39,77,27,81,15,51,2,63,12,57,17,93,14,3,17,3,20,10]"
                        }],
                        "startState": [false],
                        "stateBefore": [{
                          "name": "numbs",
                          "value": "[11,13,13,31,38,48,49,68,72,75,83,85,85,24,26,35,39,64,65,12,13,54,94,34,15,30,45,15,88,49,84,11,39,77,27,81,15,51,2,63,12,57,17,93,14,3,17,3,20,10]"
                        }]
                      }
                    ],
                    "methodName": ["main.MergeSort.inPlaceSort"],
                    "stateAfter": [{
                      "name": "numbs",
                      "value": "[11,13,13,31,38,48,49,68,72,75,83,85,85,24,26,35,39,64,65,12,13,15,34,54,94,30,45,15,88,49,84,11,39,77,27,81,15,51,2,63,12,57,17,93,14,3,17,3,20,10]"
                    }],
                    "startState": [false],
                    "stateBefore": [{
                      "name": "numbs",
                      "value": "[11,13,13,31,38,48,49,68,72,75,83,85,85,24,26,35,39,64,65,12,54,13,94,34,15,30,45,15,88,49,84,11,39,77,27,81,15,51,2,63,12,57,17,93,14,3,17,3,20,10]"
                    }]
                  }
                ],
                "methodName": ["main.MergeSort.inPlaceSort"],
                "stateAfter": [{
                  "name": "numbs",
                  "value": "[11,13,13,31,38,48,49,68,72,75,83,85,85,12,13,15,24,26,34,35,39,54,64,65,94,30,45,15,88,49,84,11,39,77,27,81,15,51,2,63,12,57,17,93,14,3,17,3,20,10]"
                }],
                "startState": [false],
                "stateBefore": [{
                  "name": "numbs",
                  "value": "[11,13,13,31,38,48,49,68,72,75,83,85,85,39,65,64,26,35,24,12,54,13,94,34,15,30,45,15,88,49,84,11,39,77,27,81,15,51,2,63,12,57,17,93,14,3,17,3,20,10]"
                }]
              }
            ],
            "methodName": ["main.MergeSort.inPlaceSort"],
            "stateAfter": [{
              "name": "numbs",
              "value": "[11,12,13,13,13,15,24,26,31,34,35,38,39,48,49,54,64,65,68,72,75,83,85,85,94,30,45,15,88,49,84,11,39,77,27,81,15,51,2,63,12,57,17,93,14,3,17,3,20,10]"
            }],
            "startState": [false],
            "stateBefore": [{
              "name": "numbs",
              "value": "[85,72,75,48,38,49,13,11,85,83,13,68,31,39,65,64,26,35,24,12,54,13,94,34,15,30,45,15,88,49,84,11,39,77,27,81,15,51,2,63,12,57,17,93,14,3,17,3,20,10]"
            }]
          },
          {
            "children": [
              {
                "children": [
                  {
                    "children": [
                      {
                        "children": [
                          {
                            "children": [
                              {
                                "children": [],
                                "methodName": ["main.MergeSort.inPlaceSort"],
                                "stateAfter": [{
                                  "name": "numbs",
                                  "value": "[11,12,13,13,13,15,24,26,31,34,35,38,39,48,49,54,64,65,68,72,75,83,85,85,94,30,45,15,88,49,84,11,39,77,27,81,15,51,2,63,12,57,17,93,14,3,17,3,20,10]"
                                }],
                                "startState": [false],
                                "stateBefore": [{
                                  "name": "numbs",
                                  "value": "[11,12,13,13,13,15,24,26,31,34,35,38,39,48,49,54,64,65,68,72,75,83,85,85,94,30,45,15,88,49,84,11,39,77,27,81,15,51,2,63,12,57,17,93,14,3,17,3,20,10]"
                                }]
                              },
                              {
                                "children": [],
                                "methodName": ["main.MergeSort.inPlaceSort"],
                                "stateAfter": [{
                                  "name": "numbs",
                                  "value": "[11,12,13,13,13,15,24,26,31,34,35,38,39,48,49,54,64,65,68,72,75,83,85,85,94,30,45,15,88,49,84,11,39,77,27,81,15,51,2,63,12,57,17,93,14,3,17,3,20,10]"
                                }],
                                "startState": [false],
                                "stateBefore": [{
                                  "name": "numbs",
                                  "value": "[11,12,13,13,13,15,24,26,31,34,35,38,39,48,49,54,64,65,68,72,75,83,85,85,94,30,45,15,88,49,84,11,39,77,27,81,15,51,2,63,12,57,17,93,14,3,17,3,20,10]"
                                }]
                              }
                            ],
                            "methodName": ["main.MergeSort.inPlaceSort"],
                            "stateAfter": [{
                              "name": "numbs",
                              "value": "[11,12,13,13,13,15,24,26,31,34,35,38,39,48,49,54,64,65,68,72,75,83,85,85,94,30,45,15,88,49,84,11,39,77,27,81,15,51,2,63,12,57,17,93,14,3,17,3,20,10]"
                            }],
                            "startState": [false],
                            "stateBefore": [{
                              "name": "numbs",
                              "value": "[11,12,13,13,13,15,24,26,31,34,35,38,39,48,49,54,64,65,68,72,75,83,85,85,94,30,45,15,88,49,84,11,39,77,27,81,15,51,2,63,12,57,17,93,14,3,17,3,20,10]"
                            }]
                          },
                          {
                            "children": [
                              {
                                "children": [],
                                "methodName": ["main.MergeSort.inPlaceSort"],
                                "stateAfter": [{
                                  "name": "numbs",
                                  "value": "[11,12,13,13,13,15,24,26,31,34,35,38,39,48,49,54,64,65,68,72,75,83,85,85,94,30,45,15,88,49,84,11,39,77,27,81,15,51,2,63,12,57,17,93,14,3,17,3,20,10]"
                                }],
                                "startState": [false],
                                "stateBefore": [{
                                  "name": "numbs",
                                  "value": "[11,12,13,13,13,15,24,26,31,34,35,38,39,48,49,54,64,65,68,72,75,83,85,85,94,30,45,15,88,49,84,11,39,77,27,81,15,51,2,63,12,57,17,93,14,3,17,3,20,10]"
                                }]
                              },
                              {
                                "children": [],
                                "methodName": ["main.MergeSort.inPlaceSort"],
                                "stateAfter": [{
                                  "name": "numbs",
                                  "value": "[11,12,13,13,13,15,24,26,31,34,35,38,39,48,49,54,64,65,68,72,75,83,85,85,94,30,45,15,88,49,84,11,39,77,27,81,15,51,2,63,12,57,17,93,14,3,17,3,20,10]"
                                }],
                                "startState": [false],
                                "stateBefore": [{
                                  "name": "numbs",
                                  "value": "[11,12,13,13,13,15,24,26,31,34,35,38,39,48,49,54,64,65,68,72,75,83,85,85,94,30,45,15,88,49,84,11,39,77,27,81,15,51,2,63,12,57,17,93,14,3,17,3,20,10]"
                                }]
                              }
                            ],
                            "methodName": ["main.MergeSort.inPlaceSort"],
                            "stateAfter": [{
                              "name": "numbs",
                              "value": "[11,12,13,13,13,15,24,26,31,34,35,38,39,48,49,54,64,65,68,72,75,83,85,85,94,30,45,15,88,49,84,11,39,77,27,81,15,51,2,63,12,57,17,93,14,3,17,3,20,10]"
                            }],
                            "startState": [false],
                            "stateBefore": [{
                              "name": "numbs",
                              "value": "[11,12,13,13,13,15,24,26,31,34,35,38,39,48,49,54,64,65,68,72,75,83,85,85,94,30,45,15,88,49,84,11,39,77,27,81,15,51,2,63,12,57,17,93,14,3,17,3,20,10]"
                            }]
                          }
                        ],
                        "methodName": ["main.MergeSort.inPlaceSort"],
                        "stateAfter": [{
                          "name": "numbs",
                          "value": "[11,12,13,13,13,15,24,26,31,34,35,38,39,48,49,54,64,65,68,72,75,83,85,85,94,15,30,45,88,49,84,11,39,77,27,81,15,51,2,63,12,57,17,93,14,3,17,3,20,10]"
                        }],
                        "startState": [false],
                        "stateBefore": [{
                          "name": "numbs",
                          "value": "[11,12,13,13,13,15,24,26,31,34,35,38,39,48,49,54,64,65,68,72,75,83,85,85,94,30,45,15,88,49,84,11,39,77,27,81,15,51,2,63,12,57,17,93,14,3,17,3,20,10]"
                        }]
                      },
                      {
                        "children": [
                          {
                            "children": [
                              {
                                "children": [],
                                "methodName": ["main.MergeSort.inPlaceSort"],
                                "stateAfter": [{
                                  "name": "numbs",
                                  "value": "[11,12,13,13,13,15,24,26,31,34,35,38,39,48,49,54,64,65,68,72,75,83,85,85,94,15,30,45,88,49,84,11,39,77,27,81,15,51,2,63,12,57,17,93,14,3,17,3,20,10]"
                                }],
                                "startState": [false],
                                "stateBefore": [{
                                  "name": "numbs",
                                  "value": "[11,12,13,13,13,15,24,26,31,34,35,38,39,48,49,54,64,65,68,72,75,83,85,85,94,15,30,45,88,49,84,11,39,77,27,81,15,51,2,63,12,57,17,93,14,3,17,3,20,10]"
                                }]
                              },
                              {
                                "children": [],
                                "methodName": ["main.MergeSort.inPlaceSort"],
                                "stateAfter": [{
                                  "name": "numbs",
                                  "value": "[11,12,13,13,13,15,24,26,31,34,35,38,39,48,49,54,64,65,68,72,75,83,85,85,94,15,30,45,88,49,84,11,39,77,27,81,15,51,2,63,12,57,17,93,14,3,17,3,20,10]"
                                }],
                                "startState": [false],
                                "stateBefore": [{
                                  "name": "numbs",
                                  "value": "[11,12,13,13,13,15,24,26,31,34,35,38,39,48,49,54,64,65,68,72,75,83,85,85,94,15,30,45,88,49,84,11,39,77,27,81,15,51,2,63,12,57,17,93,14,3,17,3,20,10]"
                                }]
                              }
                            ],
                            "methodName": ["main.MergeSort.inPlaceSort"],
                            "stateAfter": [{
                              "name": "numbs",
                              "value": "[11,12,13,13,13,15,24,26,31,34,35,38,39,48,49,54,64,65,68,72,75,83,85,85,94,15,30,45,88,49,84,11,39,77,27,81,15,51,2,63,12,57,17,93,14,3,17,3,20,10]"
                            }],
                            "startState": [false],
                            "stateBefore": [{
                              "name": "numbs",
                              "value": "[11,12,13,13,13,15,24,26,31,34,35,38,39,48,49,54,64,65,68,72,75,83,85,85,94,15,30,45,88,49,84,11,39,77,27,81,15,51,2,63,12,57,17,93,14,3,17,3,20,10]"
                            }]
                          },
                          {
                            "children": [],
                            "methodName": ["main.MergeSort.inPlaceSort"],
                            "stateAfter": [{
                              "name": "numbs",
                              "value": "[11,12,13,13,13,15,24,26,31,34,35,38,39,48,49,54,64,65,68,72,75,83,85,85,94,15,30,45,88,49,84,11,39,77,27,81,15,51,2,63,12,57,17,93,14,3,17,3,20,10]"
                            }],
                            "startState": [false],
                            "stateBefore": [{
                              "name": "numbs",
                              "value": "[11,12,13,13,13,15,24,26,31,34,35,38,39,48,49,54,64,65,68,72,75,83,85,85,94,15,30,45,88,49,84,11,39,77,27,81,15,51,2,63,12,57,17,93,14,3,17,3,20,10]"
                            }]
                          }
                        ],
                        "methodName": ["main.MergeSort.inPlaceSort"],
                        "stateAfter": [{
                          "name": "numbs",
                          "value": "[11,12,13,13,13,15,24,26,31,34,35,38,39,48,49,54,64,65,68,72,75,83,85,85,94,15,30,45,88,11,49,84,39,77,27,81,15,51,2,63,12,57,17,93,14,3,17,3,20,10]"
                        }],
                        "startState": [false],
                        "stateBefore": [{
                          "name": "numbs",
                          "value": "[11,12,13,13,13,15,24,26,31,34,35,38,39,48,49,54,64,65,68,72,75,83,85,85,94,15,30,45,88,49,84,11,39,77,27,81,15,51,2,63,12,57,17,93,14,3,17,3,20,10]"
                        }]
                      }
                    ],
                    "methodName": ["main.MergeSort.inPlaceSort"],
                    "stateAfter": [{
                      "name": "numbs",
                      "value": "[11,12,13,13,13,15,24,26,31,34,35,38,39,48,49,54,64,65,68,72,75,83,85,85,94,11,15,30,45,49,84,88,39,77,27,81,15,51,2,63,12,57,17,93,14,3,17,3,20,10]"
                    }],
                    "startState": [false],
                    "stateBefore": [{
                      "name": "numbs",
                      "value": "[11,12,13,13,13,15,24,26,31,34,35,38,39,48,49,54,64,65,68,72,75,83,85,85,94,30,45,15,88,49,84,11,39,77,27,81,15,51,2,63,12,57,17,93,14,3,17,3,20,10]"
                    }]
                  },
                  {
                    "children": [
                      {
                        "children": [
                          {
                            "children": [
                              {
                                "children": [],
                                "methodName": ["main.MergeSort.inPlaceSort"],
                                "stateAfter": [{
                                  "name": "numbs",
                                  "value": "[11,12,13,13,13,15,24,26,31,34,35,38,39,48,49,54,64,65,68,72,75,83,85,85,94,11,15,30,45,49,84,88,39,77,27,81,15,51,2,63,12,57,17,93,14,3,17,3,20,10]"
                                }],
                                "startState": [false],
                                "stateBefore": [{
                                  "name": "numbs",
                                  "value": "[11,12,13,13,13,15,24,26,31,34,35,38,39,48,49,54,64,65,68,72,75,83,85,85,94,11,15,30,45,49,84,88,39,77,27,81,15,51,2,63,12,57,17,93,14,3,17,3,20,10]"
                                }]
                              },
                              {
                                "children": [],
                                "methodName": ["main.MergeSort.inPlaceSort"],
                                "stateAfter": [{
                                  "name": "numbs",
                                  "value": "[11,12,13,13,13,15,24,26,31,34,35,38,39,48,49,54,64,65,68,72,75,83,85,85,94,11,15,30,45,49,84,88,39,77,27,81,15,51,2,63,12,57,17,93,14,3,17,3,20,10]"
                                }],
                                "startState": [false],
                                "stateBefore": [{
                                  "name": "numbs",
                                  "value": "[11,12,13,13,13,15,24,26,31,34,35,38,39,48,49,54,64,65,68,72,75,83,85,85,94,11,15,30,45,49,84,88,39,77,27,81,15,51,2,63,12,57,17,93,14,3,17,3,20,10]"
                                }]
                              }
                            ],
                            "methodName": ["main.MergeSort.inPlaceSort"],
                            "stateAfter": [{
                              "name": "numbs",
                              "value": "[11,12,13,13,13,15,24,26,31,34,35,38,39,48,49,54,64,65,68,72,75,83,85,85,94,11,15,30,45,49,84,88,39,77,27,81,15,51,2,63,12,57,17,93,14,3,17,3,20,10]"
                            }],
                            "startState": [false],
                            "stateBefore": [{
                              "name": "numbs",
                              "value": "[11,12,13,13,13,15,24,26,31,34,35,38,39,48,49,54,64,65,68,72,75,83,85,85,94,11,15,30,45,49,84,88,39,77,27,81,15,51,2,63,12,57,17,93,14,3,17,3,20,10]"
                            }]
                          },
                          {
                            "children": [],
                            "methodName": ["main.MergeSort.inPlaceSort"],
                            "stateAfter": [{
                              "name": "numbs",
                              "value": "[11,12,13,13,13,15,24,26,31,34,35,38,39,48,49,54,64,65,68,72,75,83,85,85,94,11,15,30,45,49,84,88,39,77,27,81,15,51,2,63,12,57,17,93,14,3,17,3,20,10]"
                            }],
                            "startState": [false],
                            "stateBefore": [{
                              "name": "numbs",
                              "value": "[11,12,13,13,13,15,24,26,31,34,35,38,39,48,49,54,64,65,68,72,75,83,85,85,94,11,15,30,45,49,84,88,39,77,27,81,15,51,2,63,12,57,17,93,14,3,17,3,20,10]"
                            }]
                          }
                        ],
                        "methodName": ["main.MergeSort.inPlaceSort"],
                        "stateAfter": [{
                          "name": "numbs",
                          "value": "[11,12,13,13,13,15,24,26,31,34,35,38,39,48,49,54,64,65,68,72,75,83,85,85,94,11,15,30,45,49,84,88,27,39,77,81,15,51,2,63,12,57,17,93,14,3,17,3,20,10]"
                        }],
                        "startState": [false],
                        "stateBefore": [{
                          "name": "numbs",
                          "value": "[11,12,13,13,13,15,24,26,31,34,35,38,39,48,49,54,64,65,68,72,75,83,85,85,94,11,15,30,45,49,84,88,39,77,27,81,15,51,2,63,12,57,17,93,14,3,17,3,20,10]"
                        }]
                      },
                      {
                        "children": [
                          {
                            "children": [
                              {
                                "children": [],
                                "methodName": ["main.MergeSort.inPlaceSort"],
                                "stateAfter": [{
                                  "name": "numbs",
                                  "value": "[11,12,13,13,13,15,24,26,31,34,35,38,39,48,49,54,64,65,68,72,75,83,85,85,94,11,15,30,45,49,84,88,27,39,77,81,15,51,2,63,12,57,17,93,14,3,17,3,20,10]"
                                }],
                                "startState": [false],
                                "stateBefore": [{
                                  "name": "numbs",
                                  "value": "[11,12,13,13,13,15,24,26,31,34,35,38,39,48,49,54,64,65,68,72,75,83,85,85,94,11,15,30,45,49,84,88,27,39,77,81,15,51,2,63,12,57,17,93,14,3,17,3,20,10]"
                                }]
                              },
                              {
                                "children": [],
                                "methodName": ["main.MergeSort.inPlaceSort"],
                                "stateAfter": [{
                                  "name": "numbs",
                                  "value": "[11,12,13,13,13,15,24,26,31,34,35,38,39,48,49,54,64,65,68,72,75,83,85,85,94,11,15,30,45,49,84,88,27,39,77,81,15,51,2,63,12,57,17,93,14,3,17,3,20,10]"
                                }],
                                "startState": [false],
                                "stateBefore": [{
                                  "name": "numbs",
                                  "value": "[11,12,13,13,13,15,24,26,31,34,35,38,39,48,49,54,64,65,68,72,75,83,85,85,94,11,15,30,45,49,84,88,27,39,77,81,15,51,2,63,12,57,17,93,14,3,17,3,20,10]"
                                }]
                              }
                            ],
                            "methodName": ["main.MergeSort.inPlaceSort"],
                            "stateAfter": [{
                              "name": "numbs",
                              "value": "[11,12,13,13,13,15,24,26,31,34,35,38,39,48,49,54,64,65,68,72,75,83,85,85,94,11,15,30,45,49,84,88,27,39,77,15,81,51,2,63,12,57,17,93,14,3,17,3,20,10]"
                            }],
                            "startState": [false],
                            "stateBefore": [{
                              "name": "numbs",
                              "value": "[11,12,13,13,13,15,24,26,31,34,35,38,39,48,49,54,64,65,68,72,75,83,85,85,94,11,15,30,45,49,84,88,27,39,77,81,15,51,2,63,12,57,17,93,14,3,17,3,20,10]"
                            }]
                          },
                          {
                            "children": [],
                            "methodName": ["main.MergeSort.inPlaceSort"],
                            "stateAfter": [{
                              "name": "numbs",
                              "value": "[11,12,13,13,13,15,24,26,31,34,35,38,39,48,49,54,64,65,68,72,75,83,85,85,94,11,15,30,45,49,84,88,27,39,77,15,81,51,2,63,12,57,17,93,14,3,17,3,20,10]"
                            }],
                            "startState": [false],
                            "stateBefore": [{
                              "name": "numbs",
                              "value": "[11,12,13,13,13,15,24,26,31,34,35,38,39,48,49,54,64,65,68,72,75,83,85,85,94,11,15,30,45,49,84,88,27,39,77,15,81,51,2,63,12,57,17,93,14,3,17,3,20,10]"
                            }]
                          }
                        ],
                        "methodName": ["main.MergeSort.inPlaceSort"],
                        "stateAfter": [{
                          "name": "numbs",
                          "value": "[11,12,13,13,13,15,24,26,31,34,35,38,39,48,49,54,64,65,68,72,75,83,85,85,94,11,15,30,45,49,84,88,27,39,77,15,51,81,2,63,12,57,17,93,14,3,17,3,20,10]"
                        }],
                        "startState": [false],
                        "stateBefore": [{
                          "name": "numbs",
                          "value": "[11,12,13,13,13,15,24,26,31,34,35,38,39,48,49,54,64,65,68,72,75,83,85,85,94,11,15,30,45,49,84,88,27,39,77,81,15,51,2,63,12,57,17,93,14,3,17,3,20,10]"
                        }]
                      }
                    ],
                    "methodName": ["main.MergeSort.inPlaceSort"],
                    "stateAfter": [{
                      "name": "numbs",
                      "value": "[11,12,13,13,13,15,24,26,31,34,35,38,39,48,49,54,64,65,68,72,75,83,85,85,94,11,15,30,45,49,84,88,15,27,39,51,77,81,2,63,12,57,17,93,14,3,17,3,20,10]"
                    }],
                    "startState": [false],
                    "stateBefore": [{
                      "name": "numbs",
                      "value": "[11,12,13,13,13,15,24,26,31,34,35,38,39,48,49,54,64,65,68,72,75,83,85,85,94,11,15,30,45,49,84,88,39,77,27,81,15,51,2,63,12,57,17,93,14,3,17,3,20,10]"
                    }]
                  }
                ],
                "methodName": ["main.MergeSort.inPlaceSort"],
                "stateAfter": [{
                  "name": "numbs",
                  "value": "[11,12,13,13,13,15,24,26,31,34,35,38,39,48,49,54,64,65,68,72,75,83,85,85,94,11,15,15,27,30,39,45,49,51,77,81,84,88,2,63,12,57,17,93,14,3,17,3,20,10]"
                }],
                "startState": [false],
                "stateBefore": [{
                  "name": "numbs",
                  "value": "[11,12,13,13,13,15,24,26,31,34,35,38,39,48,49,54,64,65,68,72,75,83,85,85,94,30,45,15,88,49,84,11,39,77,27,81,15,51,2,63,12,57,17,93,14,3,17,3,20,10]"
                }]
              },
              {
                "children": [
                  {
                    "children": [
                      {
                        "children": [
                          {
                            "children": [
                              {
                                "children": [],
                                "methodName": ["main.MergeSort.inPlaceSort"],
                                "stateAfter": [{
                                  "name": "numbs",
                                  "value": "[11,12,13,13,13,15,24,26,31,34,35,38,39,48,49,54,64,65,68,72,75,83,85,85,94,11,15,15,27,30,39,45,49,51,77,81,84,88,2,63,12,57,17,93,14,3,17,3,20,10]"
                                }],
                                "startState": [false],
                                "stateBefore": [{
                                  "name": "numbs",
                                  "value": "[11,12,13,13,13,15,24,26,31,34,35,38,39,48,49,54,64,65,68,72,75,83,85,85,94,11,15,15,27,30,39,45,49,51,77,81,84,88,2,63,12,57,17,93,14,3,17,3,20,10]"
                                }]
                              },
                              {
                                "children": [],
                                "methodName": ["main.MergeSort.inPlaceSort"],
                                "stateAfter": [{
                                  "name": "numbs",
                                  "value": "[11,12,13,13,13,15,24,26,31,34,35,38,39,48,49,54,64,65,68,72,75,83,85,85,94,11,15,15,27,30,39,45,49,51,77,81,84,88,2,63,12,57,17,93,14,3,17,3,20,10]"
                                }],
                                "startState": [false],
                                "stateBefore": [{
                                  "name": "numbs",
                                  "value": "[11,12,13,13,13,15,24,26,31,34,35,38,39,48,49,54,64,65,68,72,75,83,85,85,94,11,15,15,27,30,39,45,49,51,77,81,84,88,2,63,12,57,17,93,14,3,17,3,20,10]"
                                }]
                              }
                            ],
                            "methodName": ["main.MergeSort.inPlaceSort"],
                            "stateAfter": [{
                              "name": "numbs",
                              "value": "[11,12,13,13,13,15,24,26,31,34,35,38,39,48,49,54,64,65,68,72,75,83,85,85,94,11,15,15,27,30,39,45,49,51,77,81,84,88,2,63,12,57,17,93,14,3,17,3,20,10]"
                            }],
                            "startState": [false],
                            "stateBefore": [{
                              "name": "numbs",
                              "value": "[11,12,13,13,13,15,24,26,31,34,35,38,39,48,49,54,64,65,68,72,75,83,85,85,94,11,15,15,27,30,39,45,49,51,77,81,84,88,2,63,12,57,17,93,14,3,17,3,20,10]"
                            }]
                          },
                          {
                            "children": [],
                            "methodName": ["main.MergeSort.inPlaceSort"],
                            "stateAfter": [{
                              "name": "numbs",
                              "value": "[11,12,13,13,13,15,24,26,31,34,35,38,39,48,49,54,64,65,68,72,75,83,85,85,94,11,15,15,27,30,39,45,49,51,77,81,84,88,2,63,12,57,17,93,14,3,17,3,20,10]"
                            }],
                            "startState": [false],
                            "stateBefore": [{
                              "name": "numbs",
                              "value": "[11,12,13,13,13,15,24,26,31,34,35,38,39,48,49,54,64,65,68,72,75,83,85,85,94,11,15,15,27,30,39,45,49,51,77,81,84,88,2,63,12,57,17,93,14,3,17,3,20,10]"
                            }]
                          }
                        ],
                        "methodName": ["main.MergeSort.inPlaceSort"],
                        "stateAfter": [{
                          "name": "numbs",
                          "value": "[11,12,13,13,13,15,24,26,31,34,35,38,39,48,49,54,64,65,68,72,75,83,85,85,94,11,15,15,27,30,39,45,49,51,77,81,84,88,2,12,63,57,17,93,14,3,17,3,20,10]"
                        }],
                        "startState": [false],
                        "stateBefore": [{
                          "name": "numbs",
                          "value": "[11,12,13,13,13,15,24,26,31,34,35,38,39,48,49,54,64,65,68,72,75,83,85,85,94,11,15,15,27,30,39,45,49,51,77,81,84,88,2,63,12,57,17,93,14,3,17,3,20,10]"
                        }]
                      },
                      {
                        "children": [
                          {
                            "children": [
                              {
                                "children": [],
                                "methodName": ["main.MergeSort.inPlaceSort"],
                                "stateAfter": [{
                                  "name": "numbs",
                                  "value": "[11,12,13,13,13,15,24,26,31,34,35,38,39,48,49,54,64,65,68,72,75,83,85,85,94,11,15,15,27,30,39,45,49,51,77,81,84,88,2,12,63,57,17,93,14,3,17,3,20,10]"
                                }],
                                "startState": [false],
                                "stateBefore": [{
                                  "name": "numbs",
                                  "value": "[11,12,13,13,13,15,24,26,31,34,35,38,39,48,49,54,64,65,68,72,75,83,85,85,94,11,15,15,27,30,39,45,49,51,77,81,84,88,2,12,63,57,17,93,14,3,17,3,20,10]"
                                }]
                              },
                              {
                                "children": [],
                                "methodName": ["main.MergeSort.inPlaceSort"],
                                "stateAfter": [{
                                  "name": "numbs",
                                  "value": "[11,12,13,13,13,15,24,26,31,34,35,38,39,48,49,54,64,65,68,72,75,83,85,85,94,11,15,15,27,30,39,45,49,51,77,81,84,88,2,12,63,57,17,93,14,3,17,3,20,10]"
                                }],
                                "startState": [false],
                                "stateBefore": [{
                                  "name": "numbs",
                                  "value": "[11,12,13,13,13,15,24,26,31,34,35,38,39,48,49,54,64,65,68,72,75,83,85,85,94,11,15,15,27,30,39,45,49,51,77,81,84,88,2,12,63,57,17,93,14,3,17,3,20,10]"
                                }]
                              }
                            ],
                            "methodName": ["main.MergeSort.inPlaceSort"],
                            "stateAfter": [{
                              "name": "numbs",
                              "value": "[11,12,13,13,13,15,24,26,31,34,35,38,39,48,49,54,64,65,68,72,75,83,85,85,94,11,15,15,27,30,39,45,49,51,77,81,84,88,2,12,63,17,57,93,14,3,17,3,20,10]"
                            }],
                            "startState": [false],
                            "stateBefore": [{
                              "name": "numbs",
                              "value": "[11,12,13,13,13,15,24,26,31,34,35,38,39,48,49,54,64,65,68,72,75,83,85,85,94,11,15,15,27,30,39,45,49,51,77,81,84,88,2,12,63,57,17,93,14,3,17,3,20,10]"
                            }]
                          },
                          {
                            "children": [],
                            "methodName": ["main.MergeSort.inPlaceSort"],
                            "stateAfter": [{
                              "name": "numbs",
                              "value": "[11,12,13,13,13,15,24,26,31,34,35,38,39,48,49,54,64,65,68,72,75,83,85,85,94,11,15,15,27,30,39,45,49,51,77,81,84,88,2,12,63,17,57,93,14,3,17,3,20,10]"
                            }],
                            "startState": [false],
                            "stateBefore": [{
                              "name": "numbs",
                              "value": "[11,12,13,13,13,15,24,26,31,34,35,38,39,48,49,54,64,65,68,72,75,83,85,85,94,11,15,15,27,30,39,45,49,51,77,81,84,88,2,12,63,17,57,93,14,3,17,3,20,10]"
                            }]
                          }
                        ],
                        "methodName": ["main.MergeSort.inPlaceSort"],
                        "stateAfter": [{
                          "name": "numbs",
                          "value": "[11,12,13,13,13,15,24,26,31,34,35,38,39,48,49,54,64,65,68,72,75,83,85,85,94,11,15,15,27,30,39,45,49,51,77,81,84,88,2,12,63,17,57,93,14,3,17,3,20,10]"
                        }],
                        "startState": [false],
                        "stateBefore": [{
                          "name": "numbs",
                          "value": "[11,12,13,13,13,15,24,26,31,34,35,38,39,48,49,54,64,65,68,72,75,83,85,85,94,11,15,15,27,30,39,45,49,51,77,81,84,88,2,12,63,57,17,93,14,3,17,3,20,10]"
                        }]
                      }
                    ],
                    "methodName": ["main.MergeSort.inPlaceSort"],
                    "stateAfter": [{
                      "name": "numbs",
                      "value": "[11,12,13,13,13,15,24,26,31,34,35,38,39,48,49,54,64,65,68,72,75,83,85,85,94,11,15,15,27,30,39,45,49,51,77,81,84,88,2,12,17,57,63,93,14,3,17,3,20,10]"
                    }],
                    "startState": [false],
                    "stateBefore": [{
                      "name": "numbs",
                      "value": "[11,12,13,13,13,15,24,26,31,34,35,38,39,48,49,54,64,65,68,72,75,83,85,85,94,11,15,15,27,30,39,45,49,51,77,81,84,88,2,63,12,57,17,93,14,3,17,3,20,10]"
                    }]
                  },
                  {
                    "children": [
                      {
                        "children": [
                          {
                            "children": [
                              {
                                "children": [],
                                "methodName": ["main.MergeSort.inPlaceSort"],
                                "stateAfter": [{
                                  "name": "numbs",
                                  "value": "[11,12,13,13,13,15,24,26,31,34,35,38,39,48,49,54,64,65,68,72,75,83,85,85,94,11,15,15,27,30,39,45,49,51,77,81,84,88,2,12,17,57,63,93,14,3,17,3,20,10]"
                                }],
                                "startState": [false],
                                "stateBefore": [{
                                  "name": "numbs",
                                  "value": "[11,12,13,13,13,15,24,26,31,34,35,38,39,48,49,54,64,65,68,72,75,83,85,85,94,11,15,15,27,30,39,45,49,51,77,81,84,88,2,12,17,57,63,93,14,3,17,3,20,10]"
                                }]
                              },
                              {
                                "children": [],
                                "methodName": ["main.MergeSort.inPlaceSort"],
                                "stateAfter": [{
                                  "name": "numbs",
                                  "value": "[11,12,13,13,13,15,24,26,31,34,35,38,39,48,49,54,64,65,68,72,75,83,85,85,94,11,15,15,27,30,39,45,49,51,77,81,84,88,2,12,17,57,63,93,14,3,17,3,20,10]"
                                }],
                                "startState": [false],
                                "stateBefore": [{
                                  "name": "numbs",
                                  "value": "[11,12,13,13,13,15,24,26,31,34,35,38,39,48,49,54,64,65,68,72,75,83,85,85,94,11,15,15,27,30,39,45,49,51,77,81,84,88,2,12,17,57,63,93,14,3,17,3,20,10]"
                                }]
                              }
                            ],
                            "methodName": ["main.MergeSort.inPlaceSort"],
                            "stateAfter": [{
                              "name": "numbs",
                              "value": "[11,12,13,13,13,15,24,26,31,34,35,38,39,48,49,54,64,65,68,72,75,83,85,85,94,11,15,15,27,30,39,45,49,51,77,81,84,88,2,12,17,57,63,93,3,14,17,3,20,10]"
                            }],
                            "startState": [false],
                            "stateBefore": [{
                              "name": "numbs",
                              "value": "[11,12,13,13,13,15,24,26,31,34,35,38,39,48,49,54,64,65,68,72,75,83,85,85,94,11,15,15,27,30,39,45,49,51,77,81,84,88,2,12,17,57,63,93,14,3,17,3,20,10]"
                            }]
                          },
                          {
                            "children": [],
                            "methodName": ["main.MergeSort.inPlaceSort"],
                            "stateAfter": [{
                              "name": "numbs",
                              "value": "[11,12,13,13,13,15,24,26,31,34,35,38,39,48,49,54,64,65,68,72,75,83,85,85,94,11,15,15,27,30,39,45,49,51,77,81,84,88,2,12,17,57,63,93,3,14,17,3,20,10]"
                            }],
                            "startState": [false],
                            "stateBefore": [{
                              "name": "numbs",
                              "value": "[11,12,13,13,13,15,24,26,31,34,35,38,39,48,49,54,64,65,68,72,75,83,85,85,94,11,15,15,27,30,39,45,49,51,77,81,84,88,2,12,17,57,63,93,3,14,17,3,20,10]"
                            }]
                          }
                        ],
                        "methodName": ["main.MergeSort.inPlaceSort"],
                        "stateAfter": [{
                          "name": "numbs",
                          "value": "[11,12,13,13,13,15,24,26,31,34,35,38,39,48,49,54,64,65,68,72,75,83,85,85,94,11,15,15,27,30,39,45,49,51,77,81,84,88,2,12,17,57,63,93,3,14,17,3,20,10]"
                        }],
                        "startState": [false],
                        "stateBefore": [{
                          "name": "numbs",
                          "value": "[11,12,13,13,13,15,24,26,31,34,35,38,39,48,49,54,64,65,68,72,75,83,85,85,94,11,15,15,27,30,39,45,49,51,77,81,84,88,2,12,17,57,63,93,14,3,17,3,20,10]"
                        }]
                      },
                      {
                        "children": [
                          {
                            "children": [
                              {
                                "children": [],
                                "methodName": ["main.MergeSort.inPlaceSort"],
                                "stateAfter": [{
                                  "name": "numbs",
                                  "value": "[11,12,13,13,13,15,24,26,31,34,35,38,39,48,49,54,64,65,68,72,75,83,85,85,94,11,15,15,27,30,39,45,49,51,77,81,84,88,2,12,17,57,63,93,3,14,17,3,20,10]"
                                }],
                                "startState": [false],
                                "stateBefore": [{
                                  "name": "numbs",
                                  "value": "[11,12,13,13,13,15,24,26,31,34,35,38,39,48,49,54,64,65,68,72,75,83,85,85,94,11,15,15,27,30,39,45,49,51,77,81,84,88,2,12,17,57,63,93,3,14,17,3,20,10]"
                                }]
                              },
                              {
                                "children": [],
                                "methodName": ["main.MergeSort.inPlaceSort"],
                                "stateAfter": [{
                                  "name": "numbs",
                                  "value": "[11,12,13,13,13,15,24,26,31,34,35,38,39,48,49,54,64,65,68,72,75,83,85,85,94,11,15,15,27,30,39,45,49,51,77,81,84,88,2,12,17,57,63,93,3,14,17,3,20,10]"
                                }],
                                "startState": [false],
                                "stateBefore": [{
                                  "name": "numbs",
                                  "value": "[11,12,13,13,13,15,24,26,31,34,35,38,39,48,49,54,64,65,68,72,75,83,85,85,94,11,15,15,27,30,39,45,49,51,77,81,84,88,2,12,17,57,63,93,3,14,17,3,20,10]"
                                }]
                              }
                            ],
                            "methodName": ["main.MergeSort.inPlaceSort"],
                            "stateAfter": [{
                              "name": "numbs",
                              "value": "[11,12,13,13,13,15,24,26,31,34,35,38,39,48,49,54,64,65,68,72,75,83,85,85,94,11,15,15,27,30,39,45,49,51,77,81,84,88,2,12,17,57,63,93,3,14,17,3,20,10]"
                            }],
                            "startState": [false],
                            "stateBefore": [{
                              "name": "numbs",
                              "value": "[11,12,13,13,13,15,24,26,31,34,35,38,39,48,49,54,64,65,68,72,75,83,85,85,94,11,15,15,27,30,39,45,49,51,77,81,84,88,2,12,17,57,63,93,3,14,17,3,20,10]"
                            }]
                          },
                          {
                            "children": [],
                            "methodName": ["main.MergeSort.inPlaceSort"],
                            "stateAfter": [{
                              "name": "numbs",
                              "value": "[11,12,13,13,13,15,24,26,31,34,35,38,39,48,49,54,64,65,68,72,75,83,85,85,94,11,15,15,27,30,39,45,49,51,77,81,84,88,2,12,17,57,63,93,3,14,17,3,20,10]"
                            }],
                            "startState": [false],
                            "stateBefore": [{
                              "name": "numbs",
                              "value": "[11,12,13,13,13,15,24,26,31,34,35,38,39,48,49,54,64,65,68,72,75,83,85,85,94,11,15,15,27,30,39,45,49,51,77,81,84,88,2,12,17,57,63,93,3,14,17,3,20,10]"
                            }]
                          }
                        ],
                        "methodName": ["main.MergeSort.inPlaceSort"],
                        "stateAfter": [{
                          "name": "numbs",
                          "value": "[11,12,13,13,13,15,24,26,31,34,35,38,39,48,49,54,64,65,68,72,75,83,85,85,94,11,15,15,27,30,39,45,49,51,77,81,84,88,2,12,17,57,63,93,3,14,17,3,10,20]"
                        }],
                        "startState": [false],
                        "stateBefore": [{
                          "name": "numbs",
                          "value": "[11,12,13,13,13,15,24,26,31,34,35,38,39,48,49,54,64,65,68,72,75,83,85,85,94,11,15,15,27,30,39,45,49,51,77,81,84,88,2,12,17,57,63,93,3,14,17,3,20,10]"
                        }]
                      }
                    ],
                    "methodName": ["main.MergeSort.inPlaceSort"],
                    "stateAfter": [{
                      "name": "numbs",
                      "value": "[11,12,13,13,13,15,24,26,31,34,35,38,39,48,49,54,64,65,68,72,75,83,85,85,94,11,15,15,27,30,39,45,49,51,77,81,84,88,2,12,17,57,63,93,3,3,10,14,17,20]"
                    }],
                    "startState": [false],
                    "stateBefore": [{
                      "name": "numbs",
                      "value": "[11,12,13,13,13,15,24,26,31,34,35,38,39,48,49,54,64,65,68,72,75,83,85,85,94,11,15,15,27,30,39,45,49,51,77,81,84,88,2,12,17,57,63,93,14,3,17,3,20,10]"
                    }]
                  }
                ],
                "methodName": ["main.MergeSort.inPlaceSort"],
                "stateAfter": [{
                  "name": "numbs",
                  "value": "[11,12,13,13,13,15,24,26,31,34,35,38,39,48,49,54,64,65,68,72,75,83,85,85,94,11,15,15,27,30,39,45,49,51,77,81,84,88,2,3,3,10,12,14,17,17,20,57,63,93]"
                }],
                "startState": [false],
                "stateBefore": [{
                  "name": "numbs",
                  "value": "[11,12,13,13,13,15,24,26,31,34,35,38,39,48,49,54,64,65,68,72,75,83,85,85,94,11,15,15,27,30,39,45,49,51,77,81,84,88,2,63,12,57,17,93,14,3,17,3,20,10]"
                }]
              }
            ],
            "methodName": ["main.MergeSort.inPlaceSort"],
            "stateAfter": [{
              "name": "numbs",
              "value": "[11,12,13,13,13,15,24,26,31,34,35,38,39,48,49,54,64,65,68,72,75,83,85,85,94,2,3,3,10,11,12,14,15,15,17,17,20,27,30,39,45,49,51,57,63,77,81,84,88,93]"
            }],
            "startState": [false],
            "stateBefore": [{
              "name": "numbs",
              "value": "[11,12,13,13,13,15,24,26,31,34,35,38,39,48,49,54,64,65,68,72,75,83,85,85,94,30,45,15,88,49,84,11,39,77,27,81,15,51,2,63,12,57,17,93,14,3,17,3,20,10]"
            }]
          }
        ],
        "methodName": ["main.MergeSort.inPlaceSort"],
        "stateAfter": [{
          "name": "numbs",
          "value": "[2,3,3,10,11,11,12,12,13,13,13,14,15,15,15,17,17,20,24,26,27,30,31,34,35,38,39,39,45,48,49,49,51,54,57,63,64,65,68,72,75,77,81,83,84,85,85,88,93,94]"
        }],
        "startState": [false],
        "stateBefore": [{
          "name": "numbs",
          "value": "[85,72,75,48,38,49,13,11,85,83,13,68,31,39,65,64,26,35,24,12,54,13,94,34,15,30,45,15,88,49,84,11,39,77,27,81,15,51,2,63,12,57,17,93,14,3,17,3,20,10]"
        }]
      }
    ],
    "methodName": ["main.MergeSort.main"],
    "stateAfter": {},
    "startState": [false],
    "stateBefore": {}
  }],
  "methodName": ["main.MergeSort.main"],
  "stateAfter": {},
  "startState": [false],
  "stateBefore": {}
}